Traceback (most recent call last):
  File "setup.py", line 1, in <module>
    from setuptools import setup
  File "/usr/lib/python3/dist-packages/setuptools/__init__.py", line 5, in <module>
    import distutils.core
  File "/usr/lib/python3.8/distutils/core.py", line 16, in <module>
    from distutils.dist import Distribution
  File "/usr/lib/python3.8/distutils/dist.py", line 18, in <module>
    from distutils.fancy_getopt import FancyGetopt, translate_longopt
  File "/usr/lib/python3.8/distutils/fancy_getopt.py", line 12, in <module>
    import getopt
  File "/usr/lib/python3.8/getopt.py", line 38, in <module>
    from gettext import gettext as _
  File "/usr/lib/python3.8/gettext.py", line 74, in <module>
    _token_pattern = re.compile(r"""
  File "/usr/lib/python3.8/re.py", line 252, in compile
    return _compile(pattern, flags)
  File "/usr/lib/python3.8/re.py", line 304, in _compile
    p = sre_compile.compile(pattern, flags)
  File "/usr/lib/python3.8/sre_compile.py", line 764, in compile
    p = sre_parse.parse(p, flags)
  File "/usr/lib/python3.8/sre_parse.py", line 948, in parse
    p = _parse_sub(source, state, flags & SRE_FLAG_VERBOSE, 0)
  File "/usr/lib/python3.8/sre_parse.py", line 443, in _parse_sub
    itemsappend(_parse(source, state, verbose, nested + 1,
  File "/usr/lib/python3.8/sre_parse.py", line 511, in _parse
    sourceget()
  File "/usr/lib/python3.8/sre_parse.py", line 256, in get
    self.__next()
  File "/usr/lib/python3.8/sre_parse.py", line 234, in __next
    index = self.index
KeyboardInterrupt
