[0.040s] Invoking command in '/home/zqh/robot2/robot2_ws/src/build/fishbot_description': CMAKE_PREFIX_PATH=${CMAKE_PREFIX_PATH}:/home/zqh/robot2/robot2_ws/install/fishbot_rgbd:/home/zqh/robot2/robot2_ws/src/install/fishbot_rgbd:/opt/ros/foxy /usr/bin/cmake --build /home/zqh/robot2/robot2_ws/src/build/fishbot_description -- -j16 -l16
[0.287s] Invoked command in '/home/zqh/robot2/robot2_ws/src/build/fishbot_description' returned '0': CMAKE_PREFIX_PATH=${CMAKE_PREFIX_PATH}:/home/zqh/robot2/robot2_ws/install/fishbot_rgbd:/home/zqh/robot2/robot2_ws/src/install/fishbot_rgbd:/opt/ros/foxy /usr/bin/cmake --build /home/zqh/robot2/robot2_ws/src/build/fishbot_description -- -j16 -l16
[0.293s] Invoking command in '/home/zqh/robot2/robot2_ws/src/build/fishbot_description': CMAKE_PREFIX_PATH=${CMAKE_PREFIX_PATH}:/home/zqh/robot2/robot2_ws/install/fishbot_rgbd:/home/zqh/robot2/robot2_ws/src/install/fishbot_rgbd:/opt/ros/foxy /usr/bin/cmake --install /home/zqh/robot2/robot2_ws/src/build/fishbot_description
[0.308s] -- Install configuration: ""
[0.310s] -- Up-to-date: /home/zqh/robot2/robot2_ws/src/install/fishbot_description/share/fishbot_description/launch
[0.310s] -- Up-to-date: /home/zqh/robot2/robot2_ws/src/install/fishbot_description/share/fishbot_description/launch/display_robot.launch.py
[0.310s] -- Up-to-date: /home/zqh/robot2/robot2_ws/src/install/fishbot_description/share/fishbot_description/launch/__pycache__
[0.310s] -- Up-to-date: /home/zqh/robot2/robot2_ws/src/install/fishbot_description/share/fishbot_description/launch/__pycache__/display_robot.launch.cpython-38.pyc
[0.311s] -- Up-to-date: /home/zqh/robot2/robot2_ws/src/install/fishbot_description/share/fishbot_description/launch/gazebo_sim.launch.py
[0.311s] -- Up-to-date: /home/zqh/robot2/robot2_ws/src/install/fishbot_description/share/fishbot_description/urdf
[0.311s] -- Up-to-date: /home/zqh/robot2/robot2_ws/src/install/fishbot_description/share/fishbot_description/urdf/first_robot.gv
[0.311s] -- Up-to-date: /home/zqh/robot2/robot2_ws/src/install/fishbot_description/share/fishbot_description/urdf/fishbot
[0.311s] -- Up-to-date: /home/zqh/robot2/robot2_ws/src/install/fishbot_description/share/fishbot_description/urdf/fishbot/base.urdf.xacro
[0.311s] -- Up-to-date: /home/zqh/robot2/robot2_ws/src/install/fishbot_description/share/fishbot_description/urdf/fishbot/fishbot.urdf.xacro
[0.311s] -- Up-to-date: /home/zqh/robot2/robot2_ws/src/install/fishbot_description/share/fishbot_description/urdf/fishbot/fishbot.ros2_control.xacro
[0.312s] -- Up-to-date: /home/zqh/robot2/robot2_ws/src/install/fishbot_description/share/fishbot_description/urdf/fishbot/plugins
[0.312s] -- Up-to-date: /home/zqh/robot2/robot2_ws/src/install/fishbot_description/share/fishbot_description/urdf/fishbot/plugins/gazebo_control_plugin.xacro
[0.312s] -- Up-to-date: /home/zqh/robot2/robot2_ws/src/install/fishbot_description/share/fishbot_description/urdf/fishbot/plugins/gazebo_sensor_plugin.xacro
[0.312s] -- Up-to-date: /home/zqh/robot2/robot2_ws/src/install/fishbot_description/share/fishbot_description/urdf/fishbot/actuator
[0.312s] -- Up-to-date: /home/zqh/robot2/robot2_ws/src/install/fishbot_description/share/fishbot_description/urdf/fishbot/actuator/caster.urdf.xacro
[0.312s] -- Up-to-date: /home/zqh/robot2/robot2_ws/src/install/fishbot_description/share/fishbot_description/urdf/fishbot/actuator/wheel.urdf.xacro
[0.312s] -- Up-to-date: /home/zqh/robot2/robot2_ws/src/install/fishbot_description/share/fishbot_description/urdf/fishbot/sensor
[0.312s] -- Up-to-date: /home/zqh/robot2/robot2_ws/src/install/fishbot_description/share/fishbot_description/urdf/fishbot/sensor/camera.urdf.xacro
[0.312s] -- Up-to-date: /home/zqh/robot2/robot2_ws/src/install/fishbot_description/share/fishbot_description/urdf/fishbot/sensor/imu.urdf.xacro
[0.313s] -- Up-to-date: /home/zqh/robot2/robot2_ws/src/install/fishbot_description/share/fishbot_description/urdf/fishbot/sensor/laser.urdf.xacro
[0.313s] -- Up-to-date: /home/zqh/robot2/robot2_ws/src/install/fishbot_description/share/fishbot_description/urdf/fishbot/common_inertia.xacro
[0.313s] -- Up-to-date: /home/zqh/robot2/robot2_ws/src/install/fishbot_description/share/fishbot_description/urdf/first_robot.urdf
[0.313s] -- Up-to-date: /home/zqh/robot2/robot2_ws/src/install/fishbot_description/share/fishbot_description/urdf/first_robot.pdf
[0.313s] -- Up-to-date: /home/zqh/robot2/robot2_ws/src/install/fishbot_description/share/fishbot_description/urdf/first_robot.xacro
[0.313s] -- Up-to-date: /home/zqh/robot2/robot2_ws/src/install/fishbot_description/share/fishbot_description/config
[0.313s] -- Up-to-date: /home/zqh/robot2/robot2_ws/src/install/fishbot_description/share/fishbot_description/config/display_robot_model.rviz
[0.313s] -- Up-to-date: /home/zqh/robot2/robot2_ws/src/install/fishbot_description/share/fishbot_description/config/fishbot_ros2_controller.yaml
[0.313s] -- Up-to-date: /home/zqh/robot2/robot2_ws/src/install/fishbot_description/share/fishbot_description/world
[0.313s] -- Up-to-date: /home/zqh/robot2/robot2_ws/src/install/fishbot_description/share/fishbot_description/world/room
[0.314s] -- Up-to-date: /home/zqh/robot2/robot2_ws/src/install/fishbot_description/share/fishbot_description/world/room/model.config
[0.314s] -- Up-to-date: /home/zqh/robot2/robot2_ws/src/install/fishbot_description/share/fishbot_description/world/room/model.sdf
[0.314s] -- Up-to-date: /home/zqh/robot2/robot2_ws/src/install/fishbot_description/share/fishbot_description/world/mp3d1
[0.314s] -- Up-to-date: /home/zqh/robot2/robot2_ws/src/install/fishbot_description/share/fishbot_description/world/mp3d1/b94039b4eb8947bdb9ff5719d9173eae_031.jpg
[0.314s] -- Up-to-date: /home/zqh/robot2/robot2_ws/src/install/fishbot_description/share/fishbot_description/world/mp3d1/b94039b4eb8947bdb9ff5719d9173eae_040.jpg
[0.314s] -- Up-to-date: /home/zqh/robot2/robot2_ws/src/install/fishbot_description/share/fishbot_description/world/mp3d1/b94039b4eb8947bdb9ff5719d9173eae_086.jpg
[0.314s] -- Up-to-date: /home/zqh/robot2/robot2_ws/src/install/fishbot_description/share/fishbot_description/world/mp3d1/b94039b4eb8947bdb9ff5719d9173eae_008.jpg
[0.314s] -- Up-to-date: /home/zqh/robot2/robot2_ws/src/install/fishbot_description/share/fishbot_description/world/mp3d1/b94039b4eb8947bdb9ff5719d9173eae_085.jpg
[0.314s] -- Up-to-date: /home/zqh/robot2/robot2_ws/src/install/fishbot_description/share/fishbot_description/world/mp3d1/mp3d1.world
[0.315s] -- Up-to-date: /home/zqh/robot2/robot2_ws/src/install/fishbot_description/share/fishbot_description/world/mp3d1/b94039b4eb8947bdb9ff5719d9173eae_043.jpg
[0.315s] -- Up-to-date: /home/zqh/robot2/robot2_ws/src/install/fishbot_description/share/fishbot_description/world/mp3d1/b94039b4eb8947bdb9ff5719d9173eae_013.jpg
[0.315s] -- Up-to-date: /home/zqh/robot2/robot2_ws/src/install/fishbot_description/share/fishbot_description/world/mp3d1/b94039b4eb8947bdb9ff5719d9173eae_084.jpg
[0.315s] -- Up-to-date: /home/zqh/robot2/robot2_ws/src/install/fishbot_description/share/fishbot_description/world/mp3d1/b94039b4eb8947bdb9ff5719d9173eae_007.jpg
[0.315s] -- Up-to-date: /home/zqh/robot2/robot2_ws/src/install/fishbot_description/share/fishbot_description/world/mp3d1/b94039b4eb8947bdb9ff5719d9173eae_045.jpg
[0.315s] -- Up-to-date: /home/zqh/robot2/robot2_ws/src/install/fishbot_description/share/fishbot_description/world/mp3d1/b94039b4eb8947bdb9ff5719d9173eae_082.jpg
[0.315s] -- Up-to-date: /home/zqh/robot2/robot2_ws/src/install/fishbot_description/share/fishbot_description/world/mp3d1/b94039b4eb8947bdb9ff5719d9173eae_001.jpg
[0.315s] -- Up-to-date: /home/zqh/robot2/robot2_ws/src/install/fishbot_description/share/fishbot_description/world/mp3d1/b94039b4eb8947bdb9ff5719d9173eae_059.jpg
[0.316s] -- Up-to-date: /home/zqh/robot2/robot2_ws/src/install/fishbot_description/share/fishbot_description/world/mp3d1/b94039b4eb8947bdb9ff5719d9173eae_009.jpg
[0.316s] -- Up-to-date: /home/zqh/robot2/robot2_ws/src/install/fishbot_description/share/fishbot_description/world/mp3d1/b94039b4eb8947bdb9ff5719d9173eae_068.jpg
[0.316s] -- Up-to-date: /home/zqh/robot2/robot2_ws/src/install/fishbot_description/share/fishbot_description/world/mp3d1/b94039b4eb8947bdb9ff5719d9173eae_019.jpg
[0.316s] -- Up-to-date: /home/zqh/robot2/robot2_ws/src/install/fishbot_description/share/fishbot_description/world/mp3d1/b94039b4eb8947bdb9ff5719d9173eae_047.jpg
[0.316s] -- Up-to-date: /home/zqh/robot2/robot2_ws/src/install/fishbot_description/share/fishbot_description/world/mp3d1/b94039b4eb8947bdb9ff5719d9173eae_048.jpg
[0.316s] -- Up-to-date: /home/zqh/robot2/robot2_ws/src/install/fishbot_description/share/fishbot_description/world/mp3d1/b94039b4eb8947bdb9ff5719d9173eae_015.jpg
[0.316s] -- Up-to-date: /home/zqh/robot2/robot2_ws/src/install/fishbot_description/share/fishbot_description/world/mp3d1/b94039b4eb8947bdb9ff5719d9173eae_087.jpg
[0.316s] -- Up-to-date: /home/zqh/robot2/robot2_ws/src/install/fishbot_description/share/fishbot_description/world/mp3d1/b94039b4eb8947bdb9ff5719d9173eae_018.jpg
[0.316s] -- Up-to-date: /home/zqh/robot2/robot2_ws/src/install/fishbot_description/share/fishbot_description/world/mp3d1/b94039b4eb8947bdb9ff5719d9173eae_083.jpg
[0.317s] -- Up-to-date: /home/zqh/robot2/robot2_ws/src/install/fishbot_description/share/fishbot_description/world/mp3d1/b94039b4eb8947bdb9ff5719d9173eae_060.jpg
[0.317s] -- Up-to-date: /home/zqh/robot2/robot2_ws/src/install/fishbot_description/share/fishbot_description/world/mp3d1/b94039b4eb8947bdb9ff5719d9173eae_028.jpg
[0.317s] -- Up-to-date: /home/zqh/robot2/robot2_ws/src/install/fishbot_description/share/fishbot_description/world/mp3d1/b94039b4eb8947bdb9ff5719d9173eae_066.jpg
[0.317s] -- Up-to-date: /home/zqh/robot2/robot2_ws/src/install/fishbot_description/share/fishbot_description/world/mp3d1/b94039b4eb8947bdb9ff5719d9173eae_052.jpg
[0.317s] -- Up-to-date: /home/zqh/robot2/robot2_ws/src/install/fishbot_description/share/fishbot_description/world/mp3d1/b94039b4eb8947bdb9ff5719d9173eae_081.jpg
[0.318s] -- Up-to-date: /home/zqh/robot2/robot2_ws/src/install/fishbot_description/share/fishbot_description/world/mp3d1/b94039b4eb8947bdb9ff5719d9173eae_053.jpg
[0.318s] -- Up-to-date: /home/zqh/robot2/robot2_ws/src/install/fishbot_description/share/fishbot_description/world/mp3d1/b94039b4eb8947bdb9ff5719d9173eae_080.jpg
[0.318s] -- Up-to-date: /home/zqh/robot2/robot2_ws/src/install/fishbot_description/share/fishbot_description/world/mp3d1/b94039b4eb8947bdb9ff5719d9173eae_011.jpg
[0.318s] -- Up-to-date: /home/zqh/robot2/robot2_ws/src/install/fishbot_description/share/fishbot_description/world/mp3d1/b94039b4eb8947bdb9ff5719d9173eae_054.jpg
[0.318s] -- Up-to-date: /home/zqh/robot2/robot2_ws/src/install/fishbot_description/share/fishbot_description/world/mp3d1/b94039b4eb8947bdb9ff5719d9173eae.obj
[0.318s] -- Up-to-date: /home/zqh/robot2/robot2_ws/src/install/fishbot_description/share/fishbot_description/world/mp3d1/b94039b4eb8947bdb9ff5719d9173eae_022.jpg
[0.319s] -- Up-to-date: /home/zqh/robot2/robot2_ws/src/install/fishbot_description/share/fishbot_description/world/mp3d1/b94039b4eb8947bdb9ff5719d9173eae_027.jpg
[0.319s] -- Up-to-date: /home/zqh/robot2/robot2_ws/src/install/fishbot_description/share/fishbot_description/world/mp3d1/b94039b4eb8947bdb9ff5719d9173eae_006.jpg
[0.319s] -- Up-to-date: /home/zqh/robot2/robot2_ws/src/install/fishbot_description/share/fishbot_description/world/mp3d1/untitled.dae
[0.319s] -- Up-to-date: /home/zqh/robot2/robot2_ws/src/install/fishbot_description/share/fishbot_description/world/mp3d1/b94039b4eb8947bdb9ff5719d9173eae_065.jpg
[0.319s] -- Up-to-date: /home/zqh/robot2/robot2_ws/src/install/fishbot_description/share/fishbot_description/world/mp3d1/b94039b4eb8947bdb9ff5719d9173eae_049.jpg
[0.319s] -- Up-to-date: /home/zqh/robot2/robot2_ws/src/install/fishbot_description/share/fishbot_description/world/mp3d1/b94039b4eb8947bdb9ff5719d9173eae_005.jpg
[0.319s] -- Up-to-date: /home/zqh/robot2/robot2_ws/src/install/fishbot_description/share/fishbot_description/world/mp3d1/b94039b4eb8947bdb9ff5719d9173eae_020.jpg
[0.319s] -- Up-to-date: /home/zqh/robot2/robot2_ws/src/install/fishbot_description/share/fishbot_description/world/mp3d1/b94039b4eb8947bdb9ff5719d9173eae_041.jpg
[0.319s] -- Up-to-date: /home/zqh/robot2/robot2_ws/src/install/fishbot_description/share/fishbot_description/world/mp3d1/b94039b4eb8947bdb9ff5719d9173eae_032.jpg
[0.320s] -- Up-to-date: /home/zqh/robot2/robot2_ws/src/install/fishbot_description/share/fishbot_description/world/mp3d1/b94039b4eb8947bdb9ff5719d9173eae_089.jpg
[0.320s] -- Up-to-date: /home/zqh/robot2/robot2_ws/src/install/fishbot_description/share/fishbot_description/world/mp3d1/b94039b4eb8947bdb9ff5719d9173eae_076.jpg
[0.320s] -- Up-to-date: /home/zqh/robot2/robot2_ws/src/install/fishbot_description/share/fishbot_description/world/mp3d1/b94039b4eb8947bdb9ff5719d9173eae_000.jpg
[0.320s] -- Up-to-date: /home/zqh/robot2/robot2_ws/src/install/fishbot_description/share/fishbot_description/world/mp3d1/b94039b4eb8947bdb9ff5719d9173eae_035.jpg
[0.320s] -- Up-to-date: /home/zqh/robot2/robot2_ws/src/install/fishbot_description/share/fishbot_description/world/mp3d1/b94039b4eb8947bdb9ff5719d9173eae_074.jpg
[0.320s] -- Up-to-date: /home/zqh/robot2/robot2_ws/src/install/fishbot_description/share/fishbot_description/world/mp3d1/b94039b4eb8947bdb9ff5719d9173eae_038.jpg
[0.320s] -- Up-to-date: /home/zqh/robot2/robot2_ws/src/install/fishbot_description/share/fishbot_description/world/mp3d1/b94039b4eb8947bdb9ff5719d9173eae_036.jpg
[0.320s] -- Up-to-date: /home/zqh/robot2/robot2_ws/src/install/fishbot_description/share/fishbot_description/world/mp3d1/mp3d1.dae
[0.320s] -- Up-to-date: /home/zqh/robot2/robot2_ws/src/install/fishbot_description/share/fishbot_description/world/mp3d1/b94039b4eb8947bdb9ff5719d9173eae_023.jpg
[0.321s] -- Up-to-date: /home/zqh/robot2/robot2_ws/src/install/fishbot_description/share/fishbot_description/world/mp3d1/b94039b4eb8947bdb9ff5719d9173eae_071.jpg
[0.321s] -- Up-to-date: /home/zqh/robot2/robot2_ws/src/install/fishbot_description/share/fishbot_description/world/mp3d1/b94039b4eb8947bdb9ff5719d9173eae_042.jpg
[0.321s] -- Up-to-date: /home/zqh/robot2/robot2_ws/src/install/fishbot_description/share/fishbot_description/world/mp3d1/b94039b4eb8947bdb9ff5719d9173eae_070.jpg
[0.321s] -- Up-to-date: /home/zqh/robot2/robot2_ws/src/install/fishbot_description/share/fishbot_description/world/mp3d1/b94039b4eb8947bdb9ff5719d9173eae_017.jpg
[0.321s] -- Up-to-date: /home/zqh/robot2/robot2_ws/src/install/fishbot_description/share/fishbot_description/world/mp3d1/mp3d1.config
[0.321s] -- Up-to-date: /home/zqh/robot2/robot2_ws/src/install/fishbot_description/share/fishbot_description/world/mp3d1/b94039b4eb8947bdb9ff5719d9173eae.mtl
[0.321s] -- Up-to-date: /home/zqh/robot2/robot2_ws/src/install/fishbot_description/share/fishbot_description/world/mp3d1/b94039b4eb8947bdb9ff5719d9173eae_072.jpg
[0.321s] -- Up-to-date: /home/zqh/robot2/robot2_ws/src/install/fishbot_description/share/fishbot_description/world/mp3d1/b94039b4eb8947bdb9ff5719d9173eae_012.jpg
[0.321s] -- Up-to-date: /home/zqh/robot2/robot2_ws/src/install/fishbot_description/share/fishbot_description/world/mp3d1/b94039b4eb8947bdb9ff5719d9173eae_094.jpg
[0.321s] -- Up-to-date: /home/zqh/robot2/robot2_ws/src/install/fishbot_description/share/fishbot_description/world/mp3d1/b94039b4eb8947bdb9ff5719d9173eae_091.jpg
[0.322s] -- Up-to-date: /home/zqh/robot2/robot2_ws/src/install/fishbot_description/share/fishbot_description/world/mp3d1/b94039b4eb8947bdb9ff5719d9173eae_010.jpg
[0.322s] -- Up-to-date: /home/zqh/robot2/robot2_ws/src/install/fishbot_description/share/fishbot_description/world/mp3d1/b94039b4eb8947bdb9ff5719d9173eae_046.jpg
[0.322s] -- Up-to-date: /home/zqh/robot2/robot2_ws/src/install/fishbot_description/share/fishbot_description/world/mp3d1/b94039b4eb8947bdb9ff5719d9173eae_079.jpg
[0.322s] -- Up-to-date: /home/zqh/robot2/robot2_ws/src/install/fishbot_description/share/fishbot_description/world/mp3d1/b94039b4eb8947bdb9ff5719d9173eae_090.jpg
[0.322s] -- Up-to-date: /home/zqh/robot2/robot2_ws/src/install/fishbot_description/share/fishbot_description/world/mp3d1/b94039b4eb8947bdb9ff5719d9173eae_037.jpg
[0.322s] -- Up-to-date: /home/zqh/robot2/robot2_ws/src/install/fishbot_description/share/fishbot_description/world/mp3d1/b94039b4eb8947bdb9ff5719d9173eae_002.jpg
[0.322s] -- Up-to-date: /home/zqh/robot2/robot2_ws/src/install/fishbot_description/share/fishbot_description/world/mp3d1/b94039b4eb8947bdb9ff5719d9173eae_039.jpg
[0.322s] -- Up-to-date: /home/zqh/robot2/robot2_ws/src/install/fishbot_description/share/fishbot_description/world/mp3d1/b94039b4eb8947bdb9ff5719d9173eae_067.jpg
[0.322s] -- Up-to-date: /home/zqh/robot2/robot2_ws/src/install/fishbot_description/share/fishbot_description/world/mp3d1/b94039b4eb8947bdb9ff5719d9173eae_064.jpg
[0.322s] -- Up-to-date: /home/zqh/robot2/robot2_ws/src/install/fishbot_description/share/fishbot_description/world/mp3d1/b94039b4eb8947bdb9ff5719d9173eae_075.jpg
[0.322s] -- Up-to-date: /home/zqh/robot2/robot2_ws/src/install/fishbot_description/share/fishbot_description/world/mp3d1/b94039b4eb8947bdb9ff5719d9173eae_069.jpg
[0.322s] -- Up-to-date: /home/zqh/robot2/robot2_ws/src/install/fishbot_description/share/fishbot_description/world/mp3d1/b94039b4eb8947bdb9ff5719d9173eae_056.jpg
[0.323s] -- Up-to-date: /home/zqh/robot2/robot2_ws/src/install/fishbot_description/share/fishbot_description/world/mp3d1/b94039b4eb8947bdb9ff5719d9173eae_061.jpg
[0.323s] -- Up-to-date: /home/zqh/robot2/robot2_ws/src/install/fishbot_description/share/fishbot_description/world/mp3d1/b94039b4eb8947bdb9ff5719d9173eae_025.jpg
[0.323s] -- Up-to-date: /home/zqh/robot2/robot2_ws/src/install/fishbot_description/share/fishbot_description/world/mp3d1/b94039b4eb8947bdb9ff5719d9173eae_051.jpg
[0.323s] -- Up-to-date: /home/zqh/robot2/robot2_ws/src/install/fishbot_description/share/fishbot_description/world/mp3d1/b94039b4eb8947bdb9ff5719d9173eae_030.jpg
[0.323s] -- Up-to-date: /home/zqh/robot2/robot2_ws/src/install/fishbot_description/share/fishbot_description/world/mp3d1/b94039b4eb8947bdb9ff5719d9173eae_093.jpg
[0.323s] -- Up-to-date: /home/zqh/robot2/robot2_ws/src/install/fishbot_description/share/fishbot_description/world/mp3d1/b94039b4eb8947bdb9ff5719d9173eae_088.jpg
[0.323s] -- Up-to-date: /home/zqh/robot2/robot2_ws/src/install/fishbot_description/share/fishbot_description/world/mp3d1/b94039b4eb8947bdb9ff5719d9173eae_050.jpg
[0.323s] -- Up-to-date: /home/zqh/robot2/robot2_ws/src/install/fishbot_description/share/fishbot_description/world/mp3d1/b94039b4eb8947bdb9ff5719d9173eae_024.jpg
[0.323s] -- Up-to-date: /home/zqh/robot2/robot2_ws/src/install/fishbot_description/share/fishbot_description/world/mp3d1/b94039b4eb8947bdb9ff5719d9173eae_063.jpg
[0.323s] -- Up-to-date: /home/zqh/robot2/robot2_ws/src/install/fishbot_description/share/fishbot_description/world/mp3d1/b94039b4eb8947bdb9ff5719d9173eae_057.jpg
[0.323s] -- Up-to-date: /home/zqh/robot2/robot2_ws/src/install/fishbot_description/share/fishbot_description/world/mp3d1/b94039b4eb8947bdb9ff5719d9173eae_092.jpg
[0.324s] -- Up-to-date: /home/zqh/robot2/robot2_ws/src/install/fishbot_description/share/fishbot_description/world/mp3d1/b94039b4eb8947bdb9ff5719d9173eae_033.jpg
[0.324s] -- Up-to-date: /home/zqh/robot2/robot2_ws/src/install/fishbot_description/share/fishbot_description/world/mp3d1/b94039b4eb8947bdb9ff5719d9173eae_014.jpg
[0.324s] -- Up-to-date: /home/zqh/robot2/robot2_ws/src/install/fishbot_description/share/fishbot_description/world/mp3d1/b94039b4eb8947bdb9ff5719d9173eae_034.jpg
[0.324s] -- Up-to-date: /home/zqh/robot2/robot2_ws/src/install/fishbot_description/share/fishbot_description/world/mp3d1/b94039b4eb8947bdb9ff5719d9173eae_055.jpg
[0.324s] -- Up-to-date: /home/zqh/robot2/robot2_ws/src/install/fishbot_description/share/fishbot_description/world/mp3d1/b94039b4eb8947bdb9ff5719d9173eae_016.jpg
[0.324s] -- Up-to-date: /home/zqh/robot2/robot2_ws/src/install/fishbot_description/share/fishbot_description/world/mp3d1/b94039b4eb8947bdb9ff5719d9173eae_021.jpg
[0.324s] -- Up-to-date: /home/zqh/robot2/robot2_ws/src/install/fishbot_description/share/fishbot_description/world/mp3d1/b94039b4eb8947bdb9ff5719d9173eae_077.jpg
[0.324s] -- Up-to-date: /home/zqh/robot2/robot2_ws/src/install/fishbot_description/share/fishbot_description/world/mp3d1/b94039b4eb8947bdb9ff5719d9173eae_078.jpg
[0.324s] -- Up-to-date: /home/zqh/robot2/robot2_ws/src/install/fishbot_description/share/fishbot_description/world/mp3d1/b94039b4eb8947bdb9ff5719d9173eae_073.jpg
[0.324s] -- Up-to-date: /home/zqh/robot2/robot2_ws/src/install/fishbot_description/share/fishbot_description/world/mp3d1/b94039b4eb8947bdb9ff5719d9173eae_004.jpg
[0.324s] -- Up-to-date: /home/zqh/robot2/robot2_ws/src/install/fishbot_description/share/fishbot_description/world/mp3d1/b94039b4eb8947bdb9ff5719d9173eae_062.jpg
[0.325s] -- Up-to-date: /home/zqh/robot2/robot2_ws/src/install/fishbot_description/share/fishbot_description/world/mp3d1/b94039b4eb8947bdb9ff5719d9173eae_029.jpg
[0.325s] -- Up-to-date: /home/zqh/robot2/robot2_ws/src/install/fishbot_description/share/fishbot_description/world/mp3d1/b94039b4eb8947bdb9ff5719d9173eae_026.jpg
[0.325s] -- Up-to-date: /home/zqh/robot2/robot2_ws/src/install/fishbot_description/share/fishbot_description/world/mp3d1/b94039b4eb8947bdb9ff5719d9173eae_044.jpg
[0.325s] -- Up-to-date: /home/zqh/robot2/robot2_ws/src/install/fishbot_description/share/fishbot_description/world/mp3d1/b94039b4eb8947bdb9ff5719d9173eae_058.jpg
[0.325s] -- Up-to-date: /home/zqh/robot2/robot2_ws/src/install/fishbot_description/share/fishbot_description/world/mp3d1/b94039b4eb8947bdb9ff5719d9173eae_003.jpg
[0.325s] -- Up-to-date: /home/zqh/robot2/robot2_ws/src/install/fishbot_description/share/fishbot_description/world/custom_room.world
[0.325s] -- Up-to-date: /home/zqh/robot2/robot2_ws/src/install/fishbot_description/share/fishbot_description/world/office.world
[0.325s] -- Up-to-date: /home/zqh/robot2/robot2_ws/src/install/fishbot_description/share/fishbot_description/world/scannet1.world
[0.325s] -- Up-to-date: /home/zqh/robot2/robot2_ws/src/install/fishbot_description/share/fishbot_description/world/house.world
[0.325s] -- Up-to-date: /home/zqh/robot2/robot2_ws/src/install/fishbot_description/share/fishbot_description/world/custom_room_1.world
[0.325s] -- Up-to-date: /home/zqh/robot2/robot2_ws/src/install/fishbot_description/share/fishbot_description/world/scene0000_00_vh_clean_2.dae
[0.325s] -- Up-to-date: /home/zqh/robot2/robot2_ws/src/install/fishbot_description/share/fishbot_description/world/house.dae
[0.325s] -- Up-to-date: /home/zqh/robot2/robot2_ws/src/install/fishbot_description/share/fishbot_description/world/generate.world
[0.326s] -- Up-to-date: /home/zqh/robot2/robot2_ws/src/install/fishbot_description/share/fishbot_description/world/scene0000_00_vh_clean_2_tex.png
[0.326s] -- Up-to-date: /home/zqh/robot2/robot2_ws/src/install/fishbot_description/share/ament_index/resource_index/package_run_dependencies/fishbot_description
[0.326s] -- Up-to-date: /home/zqh/robot2/robot2_ws/src/install/fishbot_description/share/ament_index/resource_index/parent_prefix_path/fishbot_description
[0.326s] -- Up-to-date: /home/zqh/robot2/robot2_ws/src/install/fishbot_description/share/fishbot_description/environment/ament_prefix_path.sh
[0.326s] -- Up-to-date: /home/zqh/robot2/robot2_ws/src/install/fishbot_description/share/fishbot_description/environment/ament_prefix_path.dsv
[0.326s] -- Up-to-date: /home/zqh/robot2/robot2_ws/src/install/fishbot_description/share/fishbot_description/environment/path.sh
[0.326s] -- Up-to-date: /home/zqh/robot2/robot2_ws/src/install/fishbot_description/share/fishbot_description/environment/path.dsv
[0.326s] -- Up-to-date: /home/zqh/robot2/robot2_ws/src/install/fishbot_description/share/fishbot_description/local_setup.bash
[0.326s] -- Up-to-date: /home/zqh/robot2/robot2_ws/src/install/fishbot_description/share/fishbot_description/local_setup.sh
[0.326s] -- Up-to-date: /home/zqh/robot2/robot2_ws/src/install/fishbot_description/share/fishbot_description/local_setup.zsh
[0.326s] -- Up-to-date: /home/zqh/robot2/robot2_ws/src/install/fishbot_description/share/fishbot_description/local_setup.dsv
[0.327s] -- Installing: /home/zqh/robot2/robot2_ws/src/install/fishbot_description/share/fishbot_description/package.dsv
[0.327s] -- Up-to-date: /home/zqh/robot2/robot2_ws/src/install/fishbot_description/share/ament_index/resource_index/packages/fishbot_description
[0.327s] -- Up-to-date: /home/zqh/robot2/robot2_ws/src/install/fishbot_description/share/fishbot_description/cmake/fishbot_descriptionConfig.cmake
[0.327s] -- Up-to-date: /home/zqh/robot2/robot2_ws/src/install/fishbot_description/share/fishbot_description/cmake/fishbot_descriptionConfig-version.cmake
[0.327s] -- Up-to-date: /home/zqh/robot2/robot2_ws/src/install/fishbot_description/share/fishbot_description/package.xml
[0.342s] Invoked command in '/home/zqh/robot2/robot2_ws/src/build/fishbot_description' returned '0': CMAKE_PREFIX_PATH=${CMAKE_PREFIX_PATH}:/home/zqh/robot2/robot2_ws/install/fishbot_rgbd:/home/zqh/robot2/robot2_ws/src/install/fishbot_rgbd:/opt/ros/foxy /usr/bin/cmake --install /home/zqh/robot2/robot2_ws/src/build/fishbot_description
