[0.165s] DEBUG:colcon:Command line arguments: ['/usr/bin/colcon', 'build']
[0.165s] DEBUG:colcon:Parsed command line arguments: Namespace(allow_overriding=[], ament_cmake_args=None, base_paths=['.'], build_base='build', catkin_cmake_args=None, catkin_skip_building_tests=False, cmake_args=None, cmake_clean_cache=False, cmake_clean_first=False, cmake_force_configure=False, cmake_target=None, cmake_target_skip_unavailable=False, continue_on_error=False, event_handlers=None, executor='parallel', ignore_user_meta=False, install_base='install', log_base=None, log_level=None, main=<bound method BuildVerb.main of <colcon_core.verb.build.BuildVerb object at 0x7ff4b9be87c0>>, merge_install=False, metas=['./colcon.meta'], mixin=None, mixin_files=None, mixin_verb=('build',), packages_above=None, packages_above_and_dependencies=None, packages_above_depth=None, packages_end=None, packages_ignore=None, packages_ignore_regex=None, packages_select=None, packages_select_build_failed=False, packages_select_by_dep=None, packages_select_regex=None, packages_select_test_failures=False, packages_skip=None, packages_skip_build_finished=False, packages_skip_by_dep=None, packages_skip_regex=None, packages_skip_test_passed=False, packages_skip_up_to=None, packages_start=None, packages_up_to=None, packages_up_to_regex=None, parallel_workers=16, paths=None, symlink_install=False, test_result_base=None, verb_extension=<colcon_core.verb.build.BuildVerb object at 0x7ff4b9be87c0>, verb_name='build', verb_parser=<colcon_mixin.mixin.mixin_argument.MixinArgumentDecorator object at 0x7ff4b9bfa220>)
[0.297s] Level 1:colcon.colcon_core.package_discovery:discover_packages(colcon_meta) check parameters
[0.297s] Level 1:colcon.colcon_core.package_discovery:discover_packages(recursive) check parameters
[0.297s] Level 1:colcon.colcon_core.package_discovery:discover_packages(ignore) check parameters
[0.297s] Level 1:colcon.colcon_core.package_discovery:discover_packages(path) check parameters
[0.297s] Level 1:colcon.colcon_core.package_discovery:discover_packages(colcon_meta) discover
[0.297s] Level 1:colcon.colcon_core.package_discovery:discover_packages(recursive) discover
[0.297s] INFO:colcon.colcon_core.package_discovery:Crawling recursively for packages in '/home/zqh/robot2/robot2_ws/src'
[0.297s] Level 1:colcon.colcon_core.package_identification:_identify(.) by extensions ['ignore', 'ignore_ament_install']
[0.297s] Level 1:colcon.colcon_core.package_identification:_identify(.) by extension 'ignore'
[0.297s] Level 1:colcon.colcon_core.package_identification:_identify(.) by extension 'ignore_ament_install'
[0.297s] Level 1:colcon.colcon_core.package_identification:_identify(.) by extensions ['colcon_pkg']
[0.297s] Level 1:colcon.colcon_core.package_identification:_identify(.) by extension 'colcon_pkg'
[0.297s] Level 1:colcon.colcon_core.package_identification:_identify(.) by extensions ['colcon_meta']
[0.297s] Level 1:colcon.colcon_core.package_identification:_identify(.) by extension 'colcon_meta'
[0.297s] Level 1:colcon.colcon_core.package_identification:_identify(.) by extensions ['ros']
[0.297s] Level 1:colcon.colcon_core.package_identification:_identify(.) by extension 'ros'
[0.306s] Level 1:colcon.colcon_core.package_identification:_identify(.) by extensions ['cmake', 'python']
[0.306s] Level 1:colcon.colcon_core.package_identification:_identify(.) by extension 'cmake'
[0.306s] Level 1:colcon.colcon_core.package_identification:_identify(.) by extension 'python'
[0.306s] Level 1:colcon.colcon_core.package_identification:_identify(.) by extensions ['python_setup_py']
[0.306s] Level 1:colcon.colcon_core.package_identification:_identify(.) by extension 'python_setup_py'
[0.306s] Level 1:colcon.colcon_core.package_identification:_identify(build) by extensions ['ignore', 'ignore_ament_install']
[0.307s] Level 1:colcon.colcon_core.package_identification:_identify(build) by extension 'ignore'
[0.307s] Level 1:colcon.colcon_core.package_identification:_identify(build) ignored
[0.307s] Level 1:colcon.colcon_core.package_identification:_identify(fishbot_description) by extensions ['ignore', 'ignore_ament_install']
[0.307s] Level 1:colcon.colcon_core.package_identification:_identify(fishbot_description) by extension 'ignore'
[0.307s] Level 1:colcon.colcon_core.package_identification:_identify(fishbot_description) by extension 'ignore_ament_install'
[0.307s] Level 1:colcon.colcon_core.package_identification:_identify(fishbot_description) by extensions ['colcon_pkg']
[0.307s] Level 1:colcon.colcon_core.package_identification:_identify(fishbot_description) by extension 'colcon_pkg'
[0.307s] Level 1:colcon.colcon_core.package_identification:_identify(fishbot_description) by extensions ['colcon_meta']
[0.307s] Level 1:colcon.colcon_core.package_identification:_identify(fishbot_description) by extension 'colcon_meta'
[0.307s] Level 1:colcon.colcon_core.package_identification:_identify(fishbot_description) by extensions ['ros']
[0.307s] Level 1:colcon.colcon_core.package_identification:_identify(fishbot_description) by extension 'ros'
[0.309s] DEBUG:colcon.colcon_core.package_identification:Package 'fishbot_description' with type 'ros.ament_cmake' and name 'fishbot_description'
[0.309s] Level 1:colcon.colcon_core.package_identification:_identify(fishbot_navigation2) by extensions ['ignore', 'ignore_ament_install']
[0.309s] Level 1:colcon.colcon_core.package_identification:_identify(fishbot_navigation2) by extension 'ignore'
[0.309s] Level 1:colcon.colcon_core.package_identification:_identify(fishbot_navigation2) by extension 'ignore_ament_install'
[0.309s] Level 1:colcon.colcon_core.package_identification:_identify(fishbot_navigation2) by extensions ['colcon_pkg']
[0.309s] Level 1:colcon.colcon_core.package_identification:_identify(fishbot_navigation2) by extension 'colcon_pkg'
[0.309s] Level 1:colcon.colcon_core.package_identification:_identify(fishbot_navigation2) by extensions ['colcon_meta']
[0.309s] Level 1:colcon.colcon_core.package_identification:_identify(fishbot_navigation2) by extension 'colcon_meta'
[0.309s] Level 1:colcon.colcon_core.package_identification:_identify(fishbot_navigation2) by extensions ['ros']
[0.309s] Level 1:colcon.colcon_core.package_identification:_identify(fishbot_navigation2) by extension 'ros'
[0.310s] DEBUG:colcon.colcon_core.package_identification:Package 'fishbot_navigation2' with type 'ros.ament_cmake' and name 'fishbot_navigation2'
[0.310s] Level 1:colcon.colcon_core.package_identification:_identify(fishbot_rgbd) by extensions ['ignore', 'ignore_ament_install']
[0.310s] Level 1:colcon.colcon_core.package_identification:_identify(fishbot_rgbd) by extension 'ignore'
[0.310s] Level 1:colcon.colcon_core.package_identification:_identify(fishbot_rgbd) by extension 'ignore_ament_install'
[0.310s] Level 1:colcon.colcon_core.package_identification:_identify(fishbot_rgbd) by extensions ['colcon_pkg']
[0.310s] Level 1:colcon.colcon_core.package_identification:_identify(fishbot_rgbd) by extension 'colcon_pkg'
[0.310s] Level 1:colcon.colcon_core.package_identification:_identify(fishbot_rgbd) by extensions ['colcon_meta']
[0.310s] Level 1:colcon.colcon_core.package_identification:_identify(fishbot_rgbd) by extension 'colcon_meta'
[0.310s] Level 1:colcon.colcon_core.package_identification:_identify(fishbot_rgbd) by extensions ['ros']
[0.310s] Level 1:colcon.colcon_core.package_identification:_identify(fishbot_rgbd) by extension 'ros'
[0.311s] DEBUG:colcon.colcon_core.package_identification:Package 'fishbot_rgbd' with type 'ros.ament_python' and name 'fishbot_rgbd'
[0.311s] Level 1:colcon.colcon_core.package_identification:_identify(install) by extensions ['ignore', 'ignore_ament_install']
[0.311s] Level 1:colcon.colcon_core.package_identification:_identify(install) by extension 'ignore'
[0.311s] Level 1:colcon.colcon_core.package_identification:_identify(install) ignored
[0.311s] Level 1:colcon.colcon_core.package_identification:_identify(log) by extensions ['ignore', 'ignore_ament_install']
[0.311s] Level 1:colcon.colcon_core.package_identification:_identify(log) by extension 'ignore'
[0.311s] Level 1:colcon.colcon_core.package_identification:_identify(log) ignored
[0.311s] Level 1:colcon.colcon_core.package_discovery:discover_packages(recursive) using defaults
[0.311s] Level 1:colcon.colcon_core.package_discovery:discover_packages(ignore) discover
[0.311s] Level 1:colcon.colcon_core.package_discovery:discover_packages(ignore) using defaults
[0.311s] Level 1:colcon.colcon_core.package_discovery:discover_packages(path) discover
[0.311s] Level 1:colcon.colcon_core.package_discovery:discover_packages(path) using defaults
[0.324s] Level 1:colcon.colcon_core.package_discovery:discover_packages(prefix_path) check parameters
[0.324s] Level 1:colcon.colcon_core.package_discovery:discover_packages(prefix_path) discover
[0.325s] DEBUG:colcon.colcon_installed_package_information.package_discovery:Found 3 installed packages in /home/zqh/robot2/robot2_ws/src/install
[0.326s] DEBUG:colcon.colcon_installed_package_information.package_discovery:Found 3 installed packages in /home/zqh/robot2/robot2_ws/install
[0.327s] DEBUG:colcon.colcon_installed_package_information.package_discovery:Found 325 installed packages in /opt/ros/foxy
[0.339s] Level 1:colcon.colcon_core.package_discovery:discover_packages(prefix_path) using defaults
[0.391s] Level 5:colcon.colcon_core.verb:set package 'fishbot_description' build argument 'cmake_args' from command line to 'None'
[0.391s] Level 5:colcon.colcon_core.verb:set package 'fishbot_description' build argument 'cmake_target' from command line to 'None'
[0.391s] Level 5:colcon.colcon_core.verb:set package 'fishbot_description' build argument 'cmake_target_skip_unavailable' from command line to 'False'
[0.391s] Level 5:colcon.colcon_core.verb:set package 'fishbot_description' build argument 'cmake_clean_cache' from command line to 'False'
[0.391s] Level 5:colcon.colcon_core.verb:set package 'fishbot_description' build argument 'cmake_clean_first' from command line to 'False'
[0.391s] Level 5:colcon.colcon_core.verb:set package 'fishbot_description' build argument 'cmake_force_configure' from command line to 'False'
[0.391s] Level 5:colcon.colcon_core.verb:set package 'fishbot_description' build argument 'ament_cmake_args' from command line to 'None'
[0.391s] Level 5:colcon.colcon_core.verb:set package 'fishbot_description' build argument 'catkin_cmake_args' from command line to 'None'
[0.391s] Level 5:colcon.colcon_core.verb:set package 'fishbot_description' build argument 'catkin_skip_building_tests' from command line to 'False'
[0.391s] DEBUG:colcon.colcon_core.verb:Building package 'fishbot_description' with the following arguments: {'ament_cmake_args': None, 'build_base': '/home/zqh/robot2/robot2_ws/src/build/fishbot_description', 'catkin_cmake_args': None, 'catkin_skip_building_tests': False, 'cmake_args': None, 'cmake_clean_cache': False, 'cmake_clean_first': False, 'cmake_force_configure': False, 'cmake_target': None, 'cmake_target_skip_unavailable': False, 'install_base': '/home/zqh/robot2/robot2_ws/src/install/fishbot_description', 'merge_install': False, 'path': '/home/zqh/robot2/robot2_ws/src/fishbot_description', 'symlink_install': False, 'test_result_base': None}
[0.392s] Level 5:colcon.colcon_core.verb:set package 'fishbot_navigation2' build argument 'cmake_args' from command line to 'None'
[0.392s] Level 5:colcon.colcon_core.verb:set package 'fishbot_navigation2' build argument 'cmake_target' from command line to 'None'
[0.392s] Level 5:colcon.colcon_core.verb:set package 'fishbot_navigation2' build argument 'cmake_target_skip_unavailable' from command line to 'False'
[0.392s] Level 5:colcon.colcon_core.verb:set package 'fishbot_navigation2' build argument 'cmake_clean_cache' from command line to 'False'
[0.392s] Level 5:colcon.colcon_core.verb:set package 'fishbot_navigation2' build argument 'cmake_clean_first' from command line to 'False'
[0.392s] Level 5:colcon.colcon_core.verb:set package 'fishbot_navigation2' build argument 'cmake_force_configure' from command line to 'False'
[0.392s] Level 5:colcon.colcon_core.verb:set package 'fishbot_navigation2' build argument 'ament_cmake_args' from command line to 'None'
[0.392s] Level 5:colcon.colcon_core.verb:set package 'fishbot_navigation2' build argument 'catkin_cmake_args' from command line to 'None'
[0.392s] Level 5:colcon.colcon_core.verb:set package 'fishbot_navigation2' build argument 'catkin_skip_building_tests' from command line to 'False'
[0.392s] DEBUG:colcon.colcon_core.verb:Building package 'fishbot_navigation2' with the following arguments: {'ament_cmake_args': None, 'build_base': '/home/zqh/robot2/robot2_ws/src/build/fishbot_navigation2', 'catkin_cmake_args': None, 'catkin_skip_building_tests': False, 'cmake_args': None, 'cmake_clean_cache': False, 'cmake_clean_first': False, 'cmake_force_configure': False, 'cmake_target': None, 'cmake_target_skip_unavailable': False, 'install_base': '/home/zqh/robot2/robot2_ws/src/install/fishbot_navigation2', 'merge_install': False, 'path': '/home/zqh/robot2/robot2_ws/src/fishbot_navigation2', 'symlink_install': False, 'test_result_base': None}
[0.392s] Level 5:colcon.colcon_core.verb:set package 'fishbot_rgbd' build argument 'cmake_args' from command line to 'None'
[0.392s] Level 5:colcon.colcon_core.verb:set package 'fishbot_rgbd' build argument 'cmake_target' from command line to 'None'
[0.392s] Level 5:colcon.colcon_core.verb:set package 'fishbot_rgbd' build argument 'cmake_target_skip_unavailable' from command line to 'False'
[0.392s] Level 5:colcon.colcon_core.verb:set package 'fishbot_rgbd' build argument 'cmake_clean_cache' from command line to 'False'
[0.392s] Level 5:colcon.colcon_core.verb:set package 'fishbot_rgbd' build argument 'cmake_clean_first' from command line to 'False'
[0.392s] Level 5:colcon.colcon_core.verb:set package 'fishbot_rgbd' build argument 'cmake_force_configure' from command line to 'False'
[0.392s] Level 5:colcon.colcon_core.verb:set package 'fishbot_rgbd' build argument 'ament_cmake_args' from command line to 'None'
[0.392s] Level 5:colcon.colcon_core.verb:set package 'fishbot_rgbd' build argument 'catkin_cmake_args' from command line to 'None'
[0.392s] Level 5:colcon.colcon_core.verb:set package 'fishbot_rgbd' build argument 'catkin_skip_building_tests' from command line to 'False'
[0.392s] DEBUG:colcon.colcon_core.verb:Building package 'fishbot_rgbd' with the following arguments: {'ament_cmake_args': None, 'build_base': '/home/zqh/robot2/robot2_ws/src/build/fishbot_rgbd', 'catkin_cmake_args': None, 'catkin_skip_building_tests': False, 'cmake_args': None, 'cmake_clean_cache': False, 'cmake_clean_first': False, 'cmake_force_configure': False, 'cmake_target': None, 'cmake_target_skip_unavailable': False, 'install_base': '/home/zqh/robot2/robot2_ws/src/install/fishbot_rgbd', 'merge_install': False, 'path': '/home/zqh/robot2/robot2_ws/src/fishbot_rgbd', 'symlink_install': False, 'test_result_base': None}
[0.392s] INFO:colcon.colcon_core.executor:Executing jobs using 'parallel' executor
[0.393s] DEBUG:colcon.colcon_parallel_executor.executor.parallel:run_until_complete
[0.393s] INFO:colcon.colcon_ros.task.ament_cmake.build:Building ROS package in '/home/zqh/robot2/robot2_ws/src/fishbot_description' with build type 'ament_cmake'
[0.393s] INFO:colcon.colcon_cmake.task.cmake.build:Building CMake package in '/home/zqh/robot2/robot2_ws/src/fishbot_description'
[0.396s] INFO:colcon.colcon_core.plugin_system:Skipping extension 'colcon_core.shell.bat': Not used on non-Windows systems
[0.396s] INFO:colcon.colcon_core.shell:Skip shell extension 'powershell' for command environment: Not usable outside of PowerShell
[0.396s] DEBUG:colcon.colcon_core.shell:Skip shell extension 'dsv' for command environment
[0.404s] INFO:colcon.colcon_ros.task.ament_cmake.build:Building ROS package in '/home/zqh/robot2/robot2_ws/src/fishbot_navigation2' with build type 'ament_cmake'
[0.405s] INFO:colcon.colcon_cmake.task.cmake.build:Building CMake package in '/home/zqh/robot2/robot2_ws/src/fishbot_navigation2'
[0.405s] INFO:colcon.colcon_core.shell:Skip shell extension 'powershell' for command environment: Not usable outside of PowerShell
[0.405s] DEBUG:colcon.colcon_core.shell:Skip shell extension 'dsv' for command environment
[0.413s] INFO:colcon.colcon_ros.task.ament_python.build:Building ROS package in '/home/zqh/robot2/robot2_ws/src/fishbot_rgbd' with build type 'ament_python'
[0.413s] Level 1:colcon.colcon_core.shell:create_environment_hook('fishbot_rgbd', 'ament_prefix_path')
[0.414s] INFO:colcon.colcon_core.shell:Creating environment hook '/home/zqh/robot2/robot2_ws/src/install/fishbot_rgbd/share/fishbot_rgbd/hook/ament_prefix_path.ps1'
[0.415s] INFO:colcon.colcon_core.shell:Creating environment descriptor '/home/zqh/robot2/robot2_ws/src/install/fishbot_rgbd/share/fishbot_rgbd/hook/ament_prefix_path.dsv'
[0.415s] INFO:colcon.colcon_core.shell:Creating environment hook '/home/zqh/robot2/robot2_ws/src/install/fishbot_rgbd/share/fishbot_rgbd/hook/ament_prefix_path.sh'
[0.416s] INFO:colcon.colcon_core.shell:Skip shell extension 'powershell' for command environment: Not usable outside of PowerShell
[0.416s] DEBUG:colcon.colcon_core.shell:Skip shell extension 'dsv' for command environment
[0.435s] DEBUG:colcon.colcon_core.event_handler.log_command:Invoking command in '/home/zqh/robot2/robot2_ws/src/build/fishbot_description': CMAKE_PREFIX_PATH=${CMAKE_PREFIX_PATH}:/home/zqh/robot2/robot2_ws/install/fishbot_rgbd:/home/zqh/robot2/robot2_ws/src/install/fishbot_rgbd:/opt/ros/foxy /usr/bin/cmake --build /home/zqh/robot2/robot2_ws/src/build/fishbot_description -- -j16 -l16
[0.442s] DEBUG:colcon.colcon_core.event_handler.log_command:Invoking command in '/home/zqh/robot2/robot2_ws/src/build/fishbot_navigation2': CMAKE_PREFIX_PATH=${CMAKE_PREFIX_PATH}:/home/zqh/robot2/robot2_ws/install/fishbot_rgbd:/home/zqh/robot2/robot2_ws/src/install/fishbot_rgbd:/opt/ros/foxy /usr/bin/cmake --build /home/zqh/robot2/robot2_ws/src/build/fishbot_navigation2 -- -j16 -l16
[0.643s] INFO:colcon.colcon_core.task.python.build:Building Python package in '/home/zqh/robot2/robot2_ws/src/fishbot_rgbd'
[0.644s] INFO:colcon.colcon_core.shell:Skip shell extension 'powershell' for command environment: Not usable outside of PowerShell
[0.644s] DEBUG:colcon.colcon_core.shell:Skip shell extension 'dsv' for command environment
[0.662s] DEBUG:colcon.colcon_core.event_handler.log_command:Invoked command in '/home/zqh/robot2/robot2_ws/src/build/fishbot_navigation2' returned '0': CMAKE_PREFIX_PATH=${CMAKE_PREFIX_PATH}:/home/zqh/robot2/robot2_ws/install/fishbot_rgbd:/home/zqh/robot2/robot2_ws/src/install/fishbot_rgbd:/opt/ros/foxy /usr/bin/cmake --build /home/zqh/robot2/robot2_ws/src/build/fishbot_navigation2 -- -j16 -l16
[0.677s] DEBUG:colcon.colcon_core.event_handler.log_command:Invoking command in '/home/zqh/robot2/robot2_ws/src/build/fishbot_navigation2': CMAKE_PREFIX_PATH=${CMAKE_PREFIX_PATH}:/home/zqh/robot2/robot2_ws/install/fishbot_rgbd:/home/zqh/robot2/robot2_ws/src/install/fishbot_rgbd:/opt/ros/foxy /usr/bin/cmake --install /home/zqh/robot2/robot2_ws/src/build/fishbot_navigation2
[0.681s] DEBUG:colcon.colcon_core.event_handler.log_command:Invoked command in '/home/zqh/robot2/robot2_ws/src/build/fishbot_description' returned '0': CMAKE_PREFIX_PATH=${CMAKE_PREFIX_PATH}:/home/zqh/robot2/robot2_ws/install/fishbot_rgbd:/home/zqh/robot2/robot2_ws/src/install/fishbot_rgbd:/opt/ros/foxy /usr/bin/cmake --build /home/zqh/robot2/robot2_ws/src/build/fishbot_description -- -j16 -l16
[0.688s] DEBUG:colcon.colcon_core.event_handler.log_command:Invoking command in '/home/zqh/robot2/robot2_ws/src/build/fishbot_description': CMAKE_PREFIX_PATH=${CMAKE_PREFIX_PATH}:/home/zqh/robot2/robot2_ws/install/fishbot_rgbd:/home/zqh/robot2/robot2_ws/src/install/fishbot_rgbd:/opt/ros/foxy /usr/bin/cmake --install /home/zqh/robot2/robot2_ws/src/build/fishbot_description
[0.701s] Level 1:colcon.colcon_core.environment:create_environment_scripts_only(fishbot_navigation2)
[0.705s] DEBUG:colcon.colcon_core.event_handler.log_command:Invoked command in '/home/zqh/robot2/robot2_ws/src/build/fishbot_navigation2' returned '0': CMAKE_PREFIX_PATH=${CMAKE_PREFIX_PATH}:/home/zqh/robot2/robot2_ws/install/fishbot_rgbd:/home/zqh/robot2/robot2_ws/src/install/fishbot_rgbd:/opt/ros/foxy /usr/bin/cmake --install /home/zqh/robot2/robot2_ws/src/build/fishbot_navigation2
[0.713s] Level 1:colcon.colcon_core.environment:checking '/home/zqh/robot2/robot2_ws/src/install/fishbot_navigation2' for CMake module files
[0.716s] Level 1:colcon.colcon_core.environment:checking '/home/zqh/robot2/robot2_ws/src/install/fishbot_navigation2' for CMake config files
[0.721s] Level 1:colcon.colcon_core.shell:create_environment_hook('fishbot_navigation2', 'cmake_prefix_path')
[0.722s] INFO:colcon.colcon_core.shell:Creating environment hook '/home/zqh/robot2/robot2_ws/src/install/fishbot_navigation2/share/fishbot_navigation2/hook/cmake_prefix_path.ps1'
[0.722s] INFO:colcon.colcon_core.shell:Creating environment descriptor '/home/zqh/robot2/robot2_ws/src/install/fishbot_navigation2/share/fishbot_navigation2/hook/cmake_prefix_path.dsv'
[0.722s] INFO:colcon.colcon_core.shell:Creating environment hook '/home/zqh/robot2/robot2_ws/src/install/fishbot_navigation2/share/fishbot_navigation2/hook/cmake_prefix_path.sh'
[0.723s] Level 1:colcon.colcon_core.environment:checking '/home/zqh/robot2/robot2_ws/src/install/fishbot_navigation2/bin'
[0.723s] Level 1:colcon.colcon_core.environment:checking '/home/zqh/robot2/robot2_ws/src/install/fishbot_navigation2/lib/pkgconfig/fishbot_navigation2.pc'
[0.723s] Level 1:colcon.colcon_core.environment:checking '/home/zqh/robot2/robot2_ws/src/install/fishbot_navigation2/lib/python3.8/site-packages'
[0.723s] Level 1:colcon.colcon_core.environment:checking '/home/zqh/robot2/robot2_ws/src/install/fishbot_navigation2/bin'
[0.724s] INFO:colcon.colcon_core.shell:Creating package script '/home/zqh/robot2/robot2_ws/src/install/fishbot_navigation2/share/fishbot_navigation2/package.ps1'
[0.725s] INFO:colcon.colcon_core.shell:Creating package descriptor '/home/zqh/robot2/robot2_ws/src/install/fishbot_navigation2/share/fishbot_navigation2/package.dsv'
[0.725s] INFO:colcon.colcon_core.shell:Creating package script '/home/zqh/robot2/robot2_ws/src/install/fishbot_navigation2/share/fishbot_navigation2/package.sh'
[0.726s] INFO:colcon.colcon_core.shell:Creating package script '/home/zqh/robot2/robot2_ws/src/install/fishbot_navigation2/share/fishbot_navigation2/package.bash'
[0.726s] INFO:colcon.colcon_core.shell:Creating package script '/home/zqh/robot2/robot2_ws/src/install/fishbot_navigation2/share/fishbot_navigation2/package.zsh'
[0.727s] Level 1:colcon.colcon_core.environment:create_file_with_runtime_dependencies(/home/zqh/robot2/robot2_ws/src/install/fishbot_navigation2/share/colcon-core/packages/fishbot_navigation2)
[0.728s] Level 1:colcon.colcon_core.environment:create_environment_scripts_only(fishbot_navigation2)
[0.728s] Level 1:colcon.colcon_core.environment:checking '/home/zqh/robot2/robot2_ws/src/install/fishbot_navigation2' for CMake module files
[0.729s] Level 1:colcon.colcon_core.environment:checking '/home/zqh/robot2/robot2_ws/src/install/fishbot_navigation2' for CMake config files
[0.729s] Level 1:colcon.colcon_core.shell:create_environment_hook('fishbot_navigation2', 'cmake_prefix_path')
[0.730s] INFO:colcon.colcon_core.shell:Creating environment hook '/home/zqh/robot2/robot2_ws/src/install/fishbot_navigation2/share/fishbot_navigation2/hook/cmake_prefix_path.ps1'
[0.730s] INFO:colcon.colcon_core.shell:Creating environment descriptor '/home/zqh/robot2/robot2_ws/src/install/fishbot_navigation2/share/fishbot_navigation2/hook/cmake_prefix_path.dsv'
[0.731s] INFO:colcon.colcon_core.shell:Creating environment hook '/home/zqh/robot2/robot2_ws/src/install/fishbot_navigation2/share/fishbot_navigation2/hook/cmake_prefix_path.sh'
[0.732s] Level 1:colcon.colcon_core.environment:checking '/home/zqh/robot2/robot2_ws/src/install/fishbot_navigation2/bin'
[0.732s] Level 1:colcon.colcon_core.environment:checking '/home/zqh/robot2/robot2_ws/src/install/fishbot_navigation2/lib/pkgconfig/fishbot_navigation2.pc'
[0.732s] Level 1:colcon.colcon_core.environment:checking '/home/zqh/robot2/robot2_ws/src/install/fishbot_navigation2/lib/python3.8/site-packages'
[0.732s] Level 1:colcon.colcon_core.environment:checking '/home/zqh/robot2/robot2_ws/src/install/fishbot_navigation2/bin'
[0.732s] INFO:colcon.colcon_core.shell:Creating package script '/home/zqh/robot2/robot2_ws/src/install/fishbot_navigation2/share/fishbot_navigation2/package.ps1'
[0.733s] INFO:colcon.colcon_core.shell:Creating package descriptor '/home/zqh/robot2/robot2_ws/src/install/fishbot_navigation2/share/fishbot_navigation2/package.dsv'
[0.733s] INFO:colcon.colcon_core.shell:Creating package script '/home/zqh/robot2/robot2_ws/src/install/fishbot_navigation2/share/fishbot_navigation2/package.sh'
[0.734s] INFO:colcon.colcon_core.shell:Creating package script '/home/zqh/robot2/robot2_ws/src/install/fishbot_navigation2/share/fishbot_navigation2/package.bash'
[0.734s] INFO:colcon.colcon_core.shell:Creating package script '/home/zqh/robot2/robot2_ws/src/install/fishbot_navigation2/share/fishbot_navigation2/package.zsh'
[0.734s] Level 1:colcon.colcon_core.environment:create_file_with_runtime_dependencies(/home/zqh/robot2/robot2_ws/src/install/fishbot_navigation2/share/colcon-core/packages/fishbot_navigation2)
[0.736s] Level 1:colcon.colcon_core.environment:create_environment_scripts_only(fishbot_description)
[0.736s] Level 1:colcon.colcon_core.environment:checking '/home/zqh/robot2/robot2_ws/src/install/fishbot_description' for CMake module files
[0.736s] DEBUG:colcon.colcon_core.event_handler.log_command:Invoked command in '/home/zqh/robot2/robot2_ws/src/build/fishbot_description' returned '0': CMAKE_PREFIX_PATH=${CMAKE_PREFIX_PATH}:/home/zqh/robot2/robot2_ws/install/fishbot_rgbd:/home/zqh/robot2/robot2_ws/src/install/fishbot_rgbd:/opt/ros/foxy /usr/bin/cmake --install /home/zqh/robot2/robot2_ws/src/build/fishbot_description
[0.737s] Level 1:colcon.colcon_core.environment:checking '/home/zqh/robot2/robot2_ws/src/install/fishbot_description' for CMake config files
[0.737s] Level 1:colcon.colcon_core.shell:create_environment_hook('fishbot_description', 'cmake_prefix_path')
[0.737s] INFO:colcon.colcon_core.shell:Creating environment hook '/home/zqh/robot2/robot2_ws/src/install/fishbot_description/share/fishbot_description/hook/cmake_prefix_path.ps1'
[0.738s] INFO:colcon.colcon_core.shell:Creating environment descriptor '/home/zqh/robot2/robot2_ws/src/install/fishbot_description/share/fishbot_description/hook/cmake_prefix_path.dsv'
[0.738s] INFO:colcon.colcon_core.shell:Creating environment hook '/home/zqh/robot2/robot2_ws/src/install/fishbot_description/share/fishbot_description/hook/cmake_prefix_path.sh'
[0.738s] Level 1:colcon.colcon_core.environment:checking '/home/zqh/robot2/robot2_ws/src/install/fishbot_description/bin'
[0.738s] Level 1:colcon.colcon_core.environment:checking '/home/zqh/robot2/robot2_ws/src/install/fishbot_description/lib/pkgconfig/fishbot_description.pc'
[0.739s] Level 1:colcon.colcon_core.environment:checking '/home/zqh/robot2/robot2_ws/src/install/fishbot_description/lib/python3.8/site-packages'
[0.739s] Level 1:colcon.colcon_core.environment:checking '/home/zqh/robot2/robot2_ws/src/install/fishbot_description/bin'
[0.739s] INFO:colcon.colcon_core.shell:Creating package script '/home/zqh/robot2/robot2_ws/src/install/fishbot_description/share/fishbot_description/package.ps1'
[0.739s] INFO:colcon.colcon_core.shell:Creating package descriptor '/home/zqh/robot2/robot2_ws/src/install/fishbot_description/share/fishbot_description/package.dsv'
[0.740s] INFO:colcon.colcon_core.shell:Creating package script '/home/zqh/robot2/robot2_ws/src/install/fishbot_description/share/fishbot_description/package.sh'
[0.740s] INFO:colcon.colcon_core.shell:Creating package script '/home/zqh/robot2/robot2_ws/src/install/fishbot_description/share/fishbot_description/package.bash'
[0.740s] INFO:colcon.colcon_core.shell:Creating package script '/home/zqh/robot2/robot2_ws/src/install/fishbot_description/share/fishbot_description/package.zsh'
[0.741s] Level 1:colcon.colcon_core.environment:create_file_with_runtime_dependencies(/home/zqh/robot2/robot2_ws/src/install/fishbot_description/share/colcon-core/packages/fishbot_description)
[0.741s] Level 1:colcon.colcon_core.environment:create_environment_scripts_only(fishbot_description)
[0.741s] Level 1:colcon.colcon_core.environment:checking '/home/zqh/robot2/robot2_ws/src/install/fishbot_description' for CMake module files
[0.742s] Level 1:colcon.colcon_core.environment:checking '/home/zqh/robot2/robot2_ws/src/install/fishbot_description' for CMake config files
[0.742s] Level 1:colcon.colcon_core.shell:create_environment_hook('fishbot_description', 'cmake_prefix_path')
[0.743s] INFO:colcon.colcon_core.shell:Creating environment hook '/home/zqh/robot2/robot2_ws/src/install/fishbot_description/share/fishbot_description/hook/cmake_prefix_path.ps1'
[0.743s] INFO:colcon.colcon_core.shell:Creating environment descriptor '/home/zqh/robot2/robot2_ws/src/install/fishbot_description/share/fishbot_description/hook/cmake_prefix_path.dsv'
[0.743s] INFO:colcon.colcon_core.shell:Creating environment hook '/home/zqh/robot2/robot2_ws/src/install/fishbot_description/share/fishbot_description/hook/cmake_prefix_path.sh'
[0.744s] Level 1:colcon.colcon_core.environment:checking '/home/zqh/robot2/robot2_ws/src/install/fishbot_description/bin'
[0.744s] Level 1:colcon.colcon_core.environment:checking '/home/zqh/robot2/robot2_ws/src/install/fishbot_description/lib/pkgconfig/fishbot_description.pc'
[0.744s] Level 1:colcon.colcon_core.environment:checking '/home/zqh/robot2/robot2_ws/src/install/fishbot_description/lib/python3.8/site-packages'
[0.744s] Level 1:colcon.colcon_core.environment:checking '/home/zqh/robot2/robot2_ws/src/install/fishbot_description/bin'
[0.744s] INFO:colcon.colcon_core.shell:Creating package script '/home/zqh/robot2/robot2_ws/src/install/fishbot_description/share/fishbot_description/package.ps1'
[0.745s] INFO:colcon.colcon_core.shell:Creating package descriptor '/home/zqh/robot2/robot2_ws/src/install/fishbot_description/share/fishbot_description/package.dsv'
[0.745s] INFO:colcon.colcon_core.shell:Creating package script '/home/zqh/robot2/robot2_ws/src/install/fishbot_description/share/fishbot_description/package.sh'
[0.746s] INFO:colcon.colcon_core.shell:Creating package script '/home/zqh/robot2/robot2_ws/src/install/fishbot_description/share/fishbot_description/package.bash'
[0.746s] INFO:colcon.colcon_core.shell:Creating package script '/home/zqh/robot2/robot2_ws/src/install/fishbot_description/share/fishbot_description/package.zsh'
[0.746s] Level 1:colcon.colcon_core.environment:create_file_with_runtime_dependencies(/home/zqh/robot2/robot2_ws/src/install/fishbot_description/share/colcon-core/packages/fishbot_description)
[1.066s] DEBUG:colcon.colcon_core.event_handler.log_command:Invoking command in '/home/zqh/robot2/robot2_ws/src/fishbot_rgbd': PYTHONPATH=/home/zqh/robot2/robot2_ws/src/build/fishbot_rgbd/prefix_override:/usr/lib/python3/dist-packages/colcon_core/task/python/colcon_distutils_commands:/home/zqh/robot2/robot2_ws/src/install/fishbot_rgbd/lib/python3.8/site-packages:${PYTHONPATH} /usr/bin/python3 -W ignore:setup.py install is deprecated -W ignore:easy_install command is deprecated setup.py egg_info --egg-base ../build/fishbot_rgbd build --build-base /home/zqh/robot2/robot2_ws/src/build/fishbot_rgbd/build install --record /home/zqh/robot2/robot2_ws/src/build/fishbot_rgbd/install.log --install-scripts $base/lib/fishbot_rgbd --single-version-externally-managed install_data
[1.327s] Level 1:colcon.colcon_core.environment:checking '/home/zqh/robot2/robot2_ws/src/install/fishbot_rgbd' for CMake module files
[1.327s] DEBUG:colcon.colcon_core.event_handler.log_command:Invoked command in '/home/zqh/robot2/robot2_ws/src/fishbot_rgbd' returned '0': PYTHONPATH=/home/zqh/robot2/robot2_ws/src/build/fishbot_rgbd/prefix_override:/usr/lib/python3/dist-packages/colcon_core/task/python/colcon_distutils_commands:/home/zqh/robot2/robot2_ws/src/install/fishbot_rgbd/lib/python3.8/site-packages:${PYTHONPATH} /usr/bin/python3 -W ignore:setup.py install is deprecated -W ignore:easy_install command is deprecated setup.py egg_info --egg-base ../build/fishbot_rgbd build --build-base /home/zqh/robot2/robot2_ws/src/build/fishbot_rgbd/build install --record /home/zqh/robot2/robot2_ws/src/build/fishbot_rgbd/install.log --install-scripts $base/lib/fishbot_rgbd --single-version-externally-managed install_data
[1.328s] Level 1:colcon.colcon_core.environment:checking '/home/zqh/robot2/robot2_ws/src/install/fishbot_rgbd' for CMake config files
[1.328s] Level 1:colcon.colcon_core.environment:checking '/home/zqh/robot2/robot2_ws/src/install/fishbot_rgbd/lib'
[1.328s] Level 1:colcon.colcon_core.environment:checking '/home/zqh/robot2/robot2_ws/src/install/fishbot_rgbd/bin'
[1.328s] Level 1:colcon.colcon_core.environment:checking '/home/zqh/robot2/robot2_ws/src/install/fishbot_rgbd/lib/pkgconfig/fishbot_rgbd.pc'
[1.329s] Level 1:colcon.colcon_core.environment:checking '/home/zqh/robot2/robot2_ws/src/install/fishbot_rgbd/lib/python3.8/site-packages'
[1.329s] Level 1:colcon.colcon_core.shell:create_environment_hook('fishbot_rgbd', 'pythonpath')
[1.329s] INFO:colcon.colcon_core.shell:Creating environment hook '/home/zqh/robot2/robot2_ws/src/install/fishbot_rgbd/share/fishbot_rgbd/hook/pythonpath.ps1'
[1.329s] INFO:colcon.colcon_core.shell:Creating environment descriptor '/home/zqh/robot2/robot2_ws/src/install/fishbot_rgbd/share/fishbot_rgbd/hook/pythonpath.dsv'
[1.330s] INFO:colcon.colcon_core.shell:Creating environment hook '/home/zqh/robot2/robot2_ws/src/install/fishbot_rgbd/share/fishbot_rgbd/hook/pythonpath.sh'
[1.330s] Level 1:colcon.colcon_core.environment:checking '/home/zqh/robot2/robot2_ws/src/install/fishbot_rgbd/bin'
[1.330s] Level 1:colcon.colcon_core.environment:create_environment_scripts_only(fishbot_rgbd)
[1.330s] INFO:colcon.colcon_core.shell:Creating package script '/home/zqh/robot2/robot2_ws/src/install/fishbot_rgbd/share/fishbot_rgbd/package.ps1'
[1.331s] INFO:colcon.colcon_core.shell:Creating package descriptor '/home/zqh/robot2/robot2_ws/src/install/fishbot_rgbd/share/fishbot_rgbd/package.dsv'
[1.331s] INFO:colcon.colcon_core.shell:Creating package script '/home/zqh/robot2/robot2_ws/src/install/fishbot_rgbd/share/fishbot_rgbd/package.sh'
[1.332s] INFO:colcon.colcon_core.shell:Creating package script '/home/zqh/robot2/robot2_ws/src/install/fishbot_rgbd/share/fishbot_rgbd/package.bash'
[1.332s] INFO:colcon.colcon_core.shell:Creating package script '/home/zqh/robot2/robot2_ws/src/install/fishbot_rgbd/share/fishbot_rgbd/package.zsh'
[1.332s] Level 1:colcon.colcon_core.environment:create_file_with_runtime_dependencies(/home/zqh/robot2/robot2_ws/src/install/fishbot_rgbd/share/colcon-core/packages/fishbot_rgbd)
[1.333s] DEBUG:colcon.colcon_parallel_executor.executor.parallel:closing loop
[1.333s] DEBUG:colcon.colcon_parallel_executor.executor.parallel:loop closed
[1.333s] DEBUG:colcon.colcon_parallel_executor.executor.parallel:run_until_complete finished with '0'
[1.333s] DEBUG:colcon.colcon_core.event_reactor:joining thread
[1.338s] INFO:colcon.colcon_core.plugin_system:Skipping extension 'colcon_notification.desktop_notification.terminal_notifier': Not used on non-Darwin systems
[1.338s] INFO:colcon.colcon_core.plugin_system:Skipping extension 'colcon_notification.desktop_notification.win32': Not used on non-Windows systems
[1.338s] INFO:colcon.colcon_notification.desktop_notification:Sending desktop notification using 'notify2'
[1.357s] DEBUG:colcon.colcon_core.event_reactor:joined thread
[1.358s] INFO:colcon.colcon_core.shell:Creating prefix script '/home/zqh/robot2/robot2_ws/src/install/local_setup.ps1'
[1.360s] INFO:colcon.colcon_core.shell:Creating prefix util module '/home/zqh/robot2/robot2_ws/src/install/_local_setup_util_ps1.py'
[1.362s] INFO:colcon.colcon_core.shell:Creating prefix chain script '/home/zqh/robot2/robot2_ws/src/install/setup.ps1'
[1.364s] INFO:colcon.colcon_core.shell:Creating prefix script '/home/zqh/robot2/robot2_ws/src/install/local_setup.sh'
[1.365s] INFO:colcon.colcon_core.shell:Creating prefix util module '/home/zqh/robot2/robot2_ws/src/install/_local_setup_util_sh.py'
[1.366s] INFO:colcon.colcon_core.shell:Creating prefix chain script '/home/zqh/robot2/robot2_ws/src/install/setup.sh'
[1.368s] INFO:colcon.colcon_core.shell:Creating prefix script '/home/zqh/robot2/robot2_ws/src/install/local_setup.bash'
[1.369s] INFO:colcon.colcon_core.shell:Creating prefix chain script '/home/zqh/robot2/robot2_ws/src/install/setup.bash'
[1.370s] INFO:colcon.colcon_core.shell:Creating prefix script '/home/zqh/robot2/robot2_ws/src/install/local_setup.zsh'
[1.370s] INFO:colcon.colcon_core.shell:Creating prefix chain script '/home/zqh/robot2/robot2_ws/src/install/setup.zsh'
