-- Install configuration: ""
-- Up-to-date: /home/zqh/robot2/robot2_ws/src/install/fishbot_description/share/fishbot_description/launch
-- Up-to-date: /home/zqh/robot2/robot2_ws/src/install/fishbot_description/share/fishbot_description/launch/display_robot.launch.py
-- Up-to-date: /home/zqh/robot2/robot2_ws/src/install/fishbot_description/share/fishbot_description/launch/__pycache__
-- Up-to-date: /home/zqh/robot2/robot2_ws/src/install/fishbot_description/share/fishbot_description/launch/__pycache__/display_robot.launch.cpython-38.pyc
-- Up-to-date: /home/zqh/robot2/robot2_ws/src/install/fishbot_description/share/fishbot_description/launch/gazebo_sim.launch.py
-- Up-to-date: /home/zqh/robot2/robot2_ws/src/install/fishbot_description/share/fishbot_description/urdf
-- Up-to-date: /home/zqh/robot2/robot2_ws/src/install/fishbot_description/share/fishbot_description/urdf/first_robot.gv
-- Up-to-date: /home/zqh/robot2/robot2_ws/src/install/fishbot_description/share/fishbot_description/urdf/fishbot
-- Up-to-date: /home/zqh/robot2/robot2_ws/src/install/fishbot_description/share/fishbot_description/urdf/fishbot/base.urdf.xacro
-- Up-to-date: /home/zqh/robot2/robot2_ws/src/install/fishbot_description/share/fishbot_description/urdf/fishbot/fishbot.urdf.xacro
-- Up-to-date: /home/zqh/robot2/robot2_ws/src/install/fishbot_description/share/fishbot_description/urdf/fishbot/fishbot.ros2_control.xacro
-- Up-to-date: /home/zqh/robot2/robot2_ws/src/install/fishbot_description/share/fishbot_description/urdf/fishbot/plugins
-- Up-to-date: /home/zqh/robot2/robot2_ws/src/install/fishbot_description/share/fishbot_description/urdf/fishbot/plugins/gazebo_control_plugin.xacro
-- Up-to-date: /home/zqh/robot2/robot2_ws/src/install/fishbot_description/share/fishbot_description/urdf/fishbot/plugins/gazebo_sensor_plugin.xacro
-- Up-to-date: /home/zqh/robot2/robot2_ws/src/install/fishbot_description/share/fishbot_description/urdf/fishbot/actuator
-- Up-to-date: /home/zqh/robot2/robot2_ws/src/install/fishbot_description/share/fishbot_description/urdf/fishbot/actuator/caster.urdf.xacro
-- Up-to-date: /home/zqh/robot2/robot2_ws/src/install/fishbot_description/share/fishbot_description/urdf/fishbot/actuator/wheel.urdf.xacro
-- Up-to-date: /home/zqh/robot2/robot2_ws/src/install/fishbot_description/share/fishbot_description/urdf/fishbot/sensor
-- Up-to-date: /home/zqh/robot2/robot2_ws/src/install/fishbot_description/share/fishbot_description/urdf/fishbot/sensor/camera.urdf.xacro
-- Up-to-date: /home/zqh/robot2/robot2_ws/src/install/fishbot_description/share/fishbot_description/urdf/fishbot/sensor/imu.urdf.xacro
-- Up-to-date: /home/zqh/robot2/robot2_ws/src/install/fishbot_description/share/fishbot_description/urdf/fishbot/sensor/laser.urdf.xacro
-- Up-to-date: /home/zqh/robot2/robot2_ws/src/install/fishbot_description/share/fishbot_description/urdf/fishbot/common_inertia.xacro
-- Up-to-date: /home/zqh/robot2/robot2_ws/src/install/fishbot_description/share/fishbot_description/urdf/first_robot.urdf
-- Up-to-date: /home/zqh/robot2/robot2_ws/src/install/fishbot_description/share/fishbot_description/urdf/first_robot.pdf
-- Up-to-date: /home/zqh/robot2/robot2_ws/src/install/fishbot_description/share/fishbot_description/urdf/first_robot.xacro
-- Up-to-date: /home/zqh/robot2/robot2_ws/src/install/fishbot_description/share/fishbot_description/config
-- Up-to-date: /home/zqh/robot2/robot2_ws/src/install/fishbot_description/share/fishbot_description/config/display_robot_model.rviz
-- Up-to-date: /home/zqh/robot2/robot2_ws/src/install/fishbot_description/share/fishbot_description/config/fishbot_ros2_controller.yaml
-- Up-to-date: /home/zqh/robot2/robot2_ws/src/install/fishbot_description/share/fishbot_description/world
-- Up-to-date: /home/zqh/robot2/robot2_ws/src/install/fishbot_description/share/fishbot_description/world/room
-- Up-to-date: /home/zqh/robot2/robot2_ws/src/install/fishbot_description/share/fishbot_description/world/room/model.config
-- Up-to-date: /home/zqh/robot2/robot2_ws/src/install/fishbot_description/share/fishbot_description/world/room/model.sdf
-- Up-to-date: /home/zqh/robot2/robot2_ws/src/install/fishbot_description/share/fishbot_description/world/mp3d1
-- Up-to-date: /home/zqh/robot2/robot2_ws/src/install/fishbot_description/share/fishbot_description/world/mp3d1/b94039b4eb8947bdb9ff5719d9173eae_031.jpg
-- Up-to-date: /home/zqh/robot2/robot2_ws/src/install/fishbot_description/share/fishbot_description/world/mp3d1/b94039b4eb8947bdb9ff5719d9173eae_040.jpg
-- Up-to-date: /home/zqh/robot2/robot2_ws/src/install/fishbot_description/share/fishbot_description/world/mp3d1/b94039b4eb8947bdb9ff5719d9173eae_086.jpg
-- Up-to-date: /home/zqh/robot2/robot2_ws/src/install/fishbot_description/share/fishbot_description/world/mp3d1/b94039b4eb8947bdb9ff5719d9173eae_008.jpg
-- Up-to-date: /home/zqh/robot2/robot2_ws/src/install/fishbot_description/share/fishbot_description/world/mp3d1/b94039b4eb8947bdb9ff5719d9173eae_085.jpg
-- Up-to-date: /home/zqh/robot2/robot2_ws/src/install/fishbot_description/share/fishbot_description/world/mp3d1/mp3d1.world
-- Up-to-date: /home/zqh/robot2/robot2_ws/src/install/fishbot_description/share/fishbot_description/world/mp3d1/b94039b4eb8947bdb9ff5719d9173eae_043.jpg
-- Up-to-date: /home/zqh/robot2/robot2_ws/src/install/fishbot_description/share/fishbot_description/world/mp3d1/b94039b4eb8947bdb9ff5719d9173eae_013.jpg
-- Up-to-date: /home/zqh/robot2/robot2_ws/src/install/fishbot_description/share/fishbot_description/world/mp3d1/b94039b4eb8947bdb9ff5719d9173eae_084.jpg
-- Up-to-date: /home/zqh/robot2/robot2_ws/src/install/fishbot_description/share/fishbot_description/world/mp3d1/b94039b4eb8947bdb9ff5719d9173eae_007.jpg
-- Up-to-date: /home/zqh/robot2/robot2_ws/src/install/fishbot_description/share/fishbot_description/world/mp3d1/b94039b4eb8947bdb9ff5719d9173eae_045.jpg
-- Up-to-date: /home/zqh/robot2/robot2_ws/src/install/fishbot_description/share/fishbot_description/world/mp3d1/b94039b4eb8947bdb9ff5719d9173eae_082.jpg
-- Up-to-date: /home/zqh/robot2/robot2_ws/src/install/fishbot_description/share/fishbot_description/world/mp3d1/b94039b4eb8947bdb9ff5719d9173eae_001.jpg
-- Up-to-date: /home/zqh/robot2/robot2_ws/src/install/fishbot_description/share/fishbot_description/world/mp3d1/b94039b4eb8947bdb9ff5719d9173eae_059.jpg
-- Up-to-date: /home/zqh/robot2/robot2_ws/src/install/fishbot_description/share/fishbot_description/world/mp3d1/b94039b4eb8947bdb9ff5719d9173eae_009.jpg
-- Up-to-date: /home/zqh/robot2/robot2_ws/src/install/fishbot_description/share/fishbot_description/world/mp3d1/b94039b4eb8947bdb9ff5719d9173eae_068.jpg
-- Up-to-date: /home/zqh/robot2/robot2_ws/src/install/fishbot_description/share/fishbot_description/world/mp3d1/b94039b4eb8947bdb9ff5719d9173eae_019.jpg
-- Up-to-date: /home/zqh/robot2/robot2_ws/src/install/fishbot_description/share/fishbot_description/world/mp3d1/b94039b4eb8947bdb9ff5719d9173eae_047.jpg
-- Up-to-date: /home/zqh/robot2/robot2_ws/src/install/fishbot_description/share/fishbot_description/world/mp3d1/b94039b4eb8947bdb9ff5719d9173eae_048.jpg
-- Up-to-date: /home/zqh/robot2/robot2_ws/src/install/fishbot_description/share/fishbot_description/world/mp3d1/b94039b4eb8947bdb9ff5719d9173eae_015.jpg
-- Up-to-date: /home/zqh/robot2/robot2_ws/src/install/fishbot_description/share/fishbot_description/world/mp3d1/b94039b4eb8947bdb9ff5719d9173eae_087.jpg
-- Up-to-date: /home/zqh/robot2/robot2_ws/src/install/fishbot_description/share/fishbot_description/world/mp3d1/b94039b4eb8947bdb9ff5719d9173eae_018.jpg
-- Up-to-date: /home/zqh/robot2/robot2_ws/src/install/fishbot_description/share/fishbot_description/world/mp3d1/b94039b4eb8947bdb9ff5719d9173eae_083.jpg
-- Up-to-date: /home/zqh/robot2/robot2_ws/src/install/fishbot_description/share/fishbot_description/world/mp3d1/b94039b4eb8947bdb9ff5719d9173eae_060.jpg
-- Up-to-date: /home/zqh/robot2/robot2_ws/src/install/fishbot_description/share/fishbot_description/world/mp3d1/b94039b4eb8947bdb9ff5719d9173eae_028.jpg
-- Up-to-date: /home/zqh/robot2/robot2_ws/src/install/fishbot_description/share/fishbot_description/world/mp3d1/b94039b4eb8947bdb9ff5719d9173eae_066.jpg
-- Up-to-date: /home/zqh/robot2/robot2_ws/src/install/fishbot_description/share/fishbot_description/world/mp3d1/b94039b4eb8947bdb9ff5719d9173eae_052.jpg
-- Up-to-date: /home/zqh/robot2/robot2_ws/src/install/fishbot_description/share/fishbot_description/world/mp3d1/b94039b4eb8947bdb9ff5719d9173eae_081.jpg
-- Up-to-date: /home/zqh/robot2/robot2_ws/src/install/fishbot_description/share/fishbot_description/world/mp3d1/b94039b4eb8947bdb9ff5719d9173eae_053.jpg
-- Up-to-date: /home/zqh/robot2/robot2_ws/src/install/fishbot_description/share/fishbot_description/world/mp3d1/b94039b4eb8947bdb9ff5719d9173eae_080.jpg
-- Up-to-date: /home/zqh/robot2/robot2_ws/src/install/fishbot_description/share/fishbot_description/world/mp3d1/b94039b4eb8947bdb9ff5719d9173eae_011.jpg
-- Up-to-date: /home/zqh/robot2/robot2_ws/src/install/fishbot_description/share/fishbot_description/world/mp3d1/b94039b4eb8947bdb9ff5719d9173eae_054.jpg
-- Up-to-date: /home/zqh/robot2/robot2_ws/src/install/fishbot_description/share/fishbot_description/world/mp3d1/b94039b4eb8947bdb9ff5719d9173eae.obj
-- Up-to-date: /home/zqh/robot2/robot2_ws/src/install/fishbot_description/share/fishbot_description/world/mp3d1/b94039b4eb8947bdb9ff5719d9173eae_022.jpg
-- Up-to-date: /home/zqh/robot2/robot2_ws/src/install/fishbot_description/share/fishbot_description/world/mp3d1/b94039b4eb8947bdb9ff5719d9173eae_027.jpg
-- Up-to-date: /home/zqh/robot2/robot2_ws/src/install/fishbot_description/share/fishbot_description/world/mp3d1/b94039b4eb8947bdb9ff5719d9173eae_006.jpg
-- Up-to-date: /home/zqh/robot2/robot2_ws/src/install/fishbot_description/share/fishbot_description/world/mp3d1/untitled.dae
-- Up-to-date: /home/zqh/robot2/robot2_ws/src/install/fishbot_description/share/fishbot_description/world/mp3d1/b94039b4eb8947bdb9ff5719d9173eae_065.jpg
-- Up-to-date: /home/zqh/robot2/robot2_ws/src/install/fishbot_description/share/fishbot_description/world/mp3d1/b94039b4eb8947bdb9ff5719d9173eae_049.jpg
-- Up-to-date: /home/zqh/robot2/robot2_ws/src/install/fishbot_description/share/fishbot_description/world/mp3d1/b94039b4eb8947bdb9ff5719d9173eae_005.jpg
-- Up-to-date: /home/zqh/robot2/robot2_ws/src/install/fishbot_description/share/fishbot_description/world/mp3d1/b94039b4eb8947bdb9ff5719d9173eae_020.jpg
-- Up-to-date: /home/zqh/robot2/robot2_ws/src/install/fishbot_description/share/fishbot_description/world/mp3d1/b94039b4eb8947bdb9ff5719d9173eae_041.jpg
-- Up-to-date: /home/zqh/robot2/robot2_ws/src/install/fishbot_description/share/fishbot_description/world/mp3d1/b94039b4eb8947bdb9ff5719d9173eae_032.jpg
-- Up-to-date: /home/zqh/robot2/robot2_ws/src/install/fishbot_description/share/fishbot_description/world/mp3d1/b94039b4eb8947bdb9ff5719d9173eae_089.jpg
-- Up-to-date: /home/zqh/robot2/robot2_ws/src/install/fishbot_description/share/fishbot_description/world/mp3d1/b94039b4eb8947bdb9ff5719d9173eae_076.jpg
-- Up-to-date: /home/zqh/robot2/robot2_ws/src/install/fishbot_description/share/fishbot_description/world/mp3d1/b94039b4eb8947bdb9ff5719d9173eae_000.jpg
-- Up-to-date: /home/zqh/robot2/robot2_ws/src/install/fishbot_description/share/fishbot_description/world/mp3d1/b94039b4eb8947bdb9ff5719d9173eae_035.jpg
-- Up-to-date: /home/zqh/robot2/robot2_ws/src/install/fishbot_description/share/fishbot_description/world/mp3d1/b94039b4eb8947bdb9ff5719d9173eae_074.jpg
-- Up-to-date: /home/zqh/robot2/robot2_ws/src/install/fishbot_description/share/fishbot_description/world/mp3d1/b94039b4eb8947bdb9ff5719d9173eae_038.jpg
-- Up-to-date: /home/zqh/robot2/robot2_ws/src/install/fishbot_description/share/fishbot_description/world/mp3d1/b94039b4eb8947bdb9ff5719d9173eae_036.jpg
-- Up-to-date: /home/zqh/robot2/robot2_ws/src/install/fishbot_description/share/fishbot_description/world/mp3d1/mp3d1.dae
-- Up-to-date: /home/zqh/robot2/robot2_ws/src/install/fishbot_description/share/fishbot_description/world/mp3d1/b94039b4eb8947bdb9ff5719d9173eae_023.jpg
-- Up-to-date: /home/zqh/robot2/robot2_ws/src/install/fishbot_description/share/fishbot_description/world/mp3d1/b94039b4eb8947bdb9ff5719d9173eae_071.jpg
-- Up-to-date: /home/zqh/robot2/robot2_ws/src/install/fishbot_description/share/fishbot_description/world/mp3d1/b94039b4eb8947bdb9ff5719d9173eae_042.jpg
-- Up-to-date: /home/zqh/robot2/robot2_ws/src/install/fishbot_description/share/fishbot_description/world/mp3d1/b94039b4eb8947bdb9ff5719d9173eae_070.jpg
-- Up-to-date: /home/zqh/robot2/robot2_ws/src/install/fishbot_description/share/fishbot_description/world/mp3d1/b94039b4eb8947bdb9ff5719d9173eae_017.jpg
-- Up-to-date: /home/zqh/robot2/robot2_ws/src/install/fishbot_description/share/fishbot_description/world/mp3d1/b94039b4eb8947bdb9ff5719d9173eae.mtl
-- Up-to-date: /home/zqh/robot2/robot2_ws/src/install/fishbot_description/share/fishbot_description/world/mp3d1/b94039b4eb8947bdb9ff5719d9173eae_072.jpg
-- Up-to-date: /home/zqh/robot2/robot2_ws/src/install/fishbot_description/share/fishbot_description/world/mp3d1/b94039b4eb8947bdb9ff5719d9173eae_012.jpg
-- Up-to-date: /home/zqh/robot2/robot2_ws/src/install/fishbot_description/share/fishbot_description/world/mp3d1/b94039b4eb8947bdb9ff5719d9173eae_094.jpg
-- Up-to-date: /home/zqh/robot2/robot2_ws/src/install/fishbot_description/share/fishbot_description/world/mp3d1/b94039b4eb8947bdb9ff5719d9173eae_091.jpg
-- Up-to-date: /home/zqh/robot2/robot2_ws/src/install/fishbot_description/share/fishbot_description/world/mp3d1/b94039b4eb8947bdb9ff5719d9173eae_010.jpg
-- Up-to-date: /home/zqh/robot2/robot2_ws/src/install/fishbot_description/share/fishbot_description/world/mp3d1/b94039b4eb8947bdb9ff5719d9173eae_046.jpg
-- Up-to-date: /home/zqh/robot2/robot2_ws/src/install/fishbot_description/share/fishbot_description/world/mp3d1/b94039b4eb8947bdb9ff5719d9173eae_079.jpg
-- Installing: /home/zqh/robot2/robot2_ws/src/install/fishbot_description/share/fishbot_description/world/mp3d1/model.config
-- Up-to-date: /home/zqh/robot2/robot2_ws/src/install/fishbot_description/share/fishbot_description/world/mp3d1/b94039b4eb8947bdb9ff5719d9173eae_090.jpg
-- Up-to-date: /home/zqh/robot2/robot2_ws/src/install/fishbot_description/share/fishbot_description/world/mp3d1/b94039b4eb8947bdb9ff5719d9173eae_037.jpg
-- Up-to-date: /home/zqh/robot2/robot2_ws/src/install/fishbot_description/share/fishbot_description/world/mp3d1/b94039b4eb8947bdb9ff5719d9173eae_002.jpg
-- Up-to-date: /home/zqh/robot2/robot2_ws/src/install/fishbot_description/share/fishbot_description/world/mp3d1/b94039b4eb8947bdb9ff5719d9173eae_039.jpg
-- Up-to-date: /home/zqh/robot2/robot2_ws/src/install/fishbot_description/share/fishbot_description/world/mp3d1/b94039b4eb8947bdb9ff5719d9173eae_067.jpg
-- Up-to-date: /home/zqh/robot2/robot2_ws/src/install/fishbot_description/share/fishbot_description/world/mp3d1/b94039b4eb8947bdb9ff5719d9173eae_064.jpg
-- Up-to-date: /home/zqh/robot2/robot2_ws/src/install/fishbot_description/share/fishbot_description/world/mp3d1/b94039b4eb8947bdb9ff5719d9173eae_075.jpg
-- Up-to-date: /home/zqh/robot2/robot2_ws/src/install/fishbot_description/share/fishbot_description/world/mp3d1/b94039b4eb8947bdb9ff5719d9173eae_069.jpg
-- Up-to-date: /home/zqh/robot2/robot2_ws/src/install/fishbot_description/share/fishbot_description/world/mp3d1/b94039b4eb8947bdb9ff5719d9173eae_056.jpg
-- Up-to-date: /home/zqh/robot2/robot2_ws/src/install/fishbot_description/share/fishbot_description/world/mp3d1/b94039b4eb8947bdb9ff5719d9173eae_061.jpg
-- Up-to-date: /home/zqh/robot2/robot2_ws/src/install/fishbot_description/share/fishbot_description/world/mp3d1/b94039b4eb8947bdb9ff5719d9173eae_025.jpg
-- Up-to-date: /home/zqh/robot2/robot2_ws/src/install/fishbot_description/share/fishbot_description/world/mp3d1/b94039b4eb8947bdb9ff5719d9173eae_051.jpg
-- Up-to-date: /home/zqh/robot2/robot2_ws/src/install/fishbot_description/share/fishbot_description/world/mp3d1/b94039b4eb8947bdb9ff5719d9173eae_030.jpg
-- Up-to-date: /home/zqh/robot2/robot2_ws/src/install/fishbot_description/share/fishbot_description/world/mp3d1/b94039b4eb8947bdb9ff5719d9173eae_093.jpg
-- Up-to-date: /home/zqh/robot2/robot2_ws/src/install/fishbot_description/share/fishbot_description/world/mp3d1/b94039b4eb8947bdb9ff5719d9173eae_088.jpg
-- Up-to-date: /home/zqh/robot2/robot2_ws/src/install/fishbot_description/share/fishbot_description/world/mp3d1/b94039b4eb8947bdb9ff5719d9173eae_050.jpg
-- Up-to-date: /home/zqh/robot2/robot2_ws/src/install/fishbot_description/share/fishbot_description/world/mp3d1/b94039b4eb8947bdb9ff5719d9173eae_024.jpg
-- Up-to-date: /home/zqh/robot2/robot2_ws/src/install/fishbot_description/share/fishbot_description/world/mp3d1/b94039b4eb8947bdb9ff5719d9173eae_063.jpg
-- Up-to-date: /home/zqh/robot2/robot2_ws/src/install/fishbot_description/share/fishbot_description/world/mp3d1/b94039b4eb8947bdb9ff5719d9173eae_057.jpg
-- Up-to-date: /home/zqh/robot2/robot2_ws/src/install/fishbot_description/share/fishbot_description/world/mp3d1/b94039b4eb8947bdb9ff5719d9173eae_092.jpg
-- Up-to-date: /home/zqh/robot2/robot2_ws/src/install/fishbot_description/share/fishbot_description/world/mp3d1/b94039b4eb8947bdb9ff5719d9173eae_033.jpg
-- Up-to-date: /home/zqh/robot2/robot2_ws/src/install/fishbot_description/share/fishbot_description/world/mp3d1/b94039b4eb8947bdb9ff5719d9173eae_014.jpg
-- Up-to-date: /home/zqh/robot2/robot2_ws/src/install/fishbot_description/share/fishbot_description/world/mp3d1/b94039b4eb8947bdb9ff5719d9173eae_034.jpg
-- Up-to-date: /home/zqh/robot2/robot2_ws/src/install/fishbot_description/share/fishbot_description/world/mp3d1/b94039b4eb8947bdb9ff5719d9173eae_055.jpg
-- Up-to-date: /home/zqh/robot2/robot2_ws/src/install/fishbot_description/share/fishbot_description/world/mp3d1/b94039b4eb8947bdb9ff5719d9173eae_016.jpg
-- Up-to-date: /home/zqh/robot2/robot2_ws/src/install/fishbot_description/share/fishbot_description/world/mp3d1/b94039b4eb8947bdb9ff5719d9173eae_021.jpg
-- Up-to-date: /home/zqh/robot2/robot2_ws/src/install/fishbot_description/share/fishbot_description/world/mp3d1/b94039b4eb8947bdb9ff5719d9173eae_077.jpg
-- Up-to-date: /home/zqh/robot2/robot2_ws/src/install/fishbot_description/share/fishbot_description/world/mp3d1/b94039b4eb8947bdb9ff5719d9173eae_078.jpg
-- Up-to-date: /home/zqh/robot2/robot2_ws/src/install/fishbot_description/share/fishbot_description/world/mp3d1/b94039b4eb8947bdb9ff5719d9173eae_073.jpg
-- Up-to-date: /home/zqh/robot2/robot2_ws/src/install/fishbot_description/share/fishbot_description/world/mp3d1/b94039b4eb8947bdb9ff5719d9173eae_004.jpg
-- Up-to-date: /home/zqh/robot2/robot2_ws/src/install/fishbot_description/share/fishbot_description/world/mp3d1/b94039b4eb8947bdb9ff5719d9173eae_062.jpg
-- Up-to-date: /home/zqh/robot2/robot2_ws/src/install/fishbot_description/share/fishbot_description/world/mp3d1/b94039b4eb8947bdb9ff5719d9173eae_029.jpg
-- Up-to-date: /home/zqh/robot2/robot2_ws/src/install/fishbot_description/share/fishbot_description/world/mp3d1/b94039b4eb8947bdb9ff5719d9173eae_026.jpg
-- Up-to-date: /home/zqh/robot2/robot2_ws/src/install/fishbot_description/share/fishbot_description/world/mp3d1/b94039b4eb8947bdb9ff5719d9173eae_044.jpg
-- Up-to-date: /home/zqh/robot2/robot2_ws/src/install/fishbot_description/share/fishbot_description/world/mp3d1/b94039b4eb8947bdb9ff5719d9173eae_058.jpg
-- Up-to-date: /home/zqh/robot2/robot2_ws/src/install/fishbot_description/share/fishbot_description/world/mp3d1/b94039b4eb8947bdb9ff5719d9173eae_003.jpg
-- Up-to-date: /home/zqh/robot2/robot2_ws/src/install/fishbot_description/share/fishbot_description/world/custom_room.world
-- Up-to-date: /home/zqh/robot2/robot2_ws/src/install/fishbot_description/share/fishbot_description/world/office.world
-- Up-to-date: /home/zqh/robot2/robot2_ws/src/install/fishbot_description/share/fishbot_description/world/scannet1.world
-- Up-to-date: /home/zqh/robot2/robot2_ws/src/install/fishbot_description/share/fishbot_description/world/house.world
-- Up-to-date: /home/zqh/robot2/robot2_ws/src/install/fishbot_description/share/fishbot_description/world/custom_room_1.world
-- Up-to-date: /home/zqh/robot2/robot2_ws/src/install/fishbot_description/share/fishbot_description/world/scene0000_00_vh_clean_2.dae
-- Up-to-date: /home/zqh/robot2/robot2_ws/src/install/fishbot_description/share/fishbot_description/world/house.dae
-- Up-to-date: /home/zqh/robot2/robot2_ws/src/install/fishbot_description/share/fishbot_description/world/generate.world
-- Up-to-date: /home/zqh/robot2/robot2_ws/src/install/fishbot_description/share/fishbot_description/world/scene0000_00_vh_clean_2_tex.png
-- Up-to-date: /home/zqh/robot2/robot2_ws/src/install/fishbot_description/share/ament_index/resource_index/package_run_dependencies/fishbot_description
-- Up-to-date: /home/zqh/robot2/robot2_ws/src/install/fishbot_description/share/ament_index/resource_index/parent_prefix_path/fishbot_description
-- Up-to-date: /home/zqh/robot2/robot2_ws/src/install/fishbot_description/share/fishbot_description/environment/ament_prefix_path.sh
-- Up-to-date: /home/zqh/robot2/robot2_ws/src/install/fishbot_description/share/fishbot_description/environment/ament_prefix_path.dsv
-- Up-to-date: /home/zqh/robot2/robot2_ws/src/install/fishbot_description/share/fishbot_description/environment/path.sh
-- Up-to-date: /home/zqh/robot2/robot2_ws/src/install/fishbot_description/share/fishbot_description/environment/path.dsv
-- Up-to-date: /home/zqh/robot2/robot2_ws/src/install/fishbot_description/share/fishbot_description/local_setup.bash
-- Up-to-date: /home/zqh/robot2/robot2_ws/src/install/fishbot_description/share/fishbot_description/local_setup.sh
-- Up-to-date: /home/zqh/robot2/robot2_ws/src/install/fishbot_description/share/fishbot_description/local_setup.zsh
-- Up-to-date: /home/zqh/robot2/robot2_ws/src/install/fishbot_description/share/fishbot_description/local_setup.dsv
-- Installing: /home/zqh/robot2/robot2_ws/src/install/fishbot_description/share/fishbot_description/package.dsv
-- Up-to-date: /home/zqh/robot2/robot2_ws/src/install/fishbot_description/share/ament_index/resource_index/packages/fishbot_description
-- Up-to-date: /home/zqh/robot2/robot2_ws/src/install/fishbot_description/share/fishbot_description/cmake/fishbot_descriptionConfig.cmake
-- Up-to-date: /home/zqh/robot2/robot2_ws/src/install/fishbot_description/share/fishbot_description/cmake/fishbot_descriptionConfig-version.cmake
-- Up-to-date: /home/zqh/robot2/robot2_ws/src/install/fishbot_description/share/fishbot_description/package.xml
