[0.637s] Invoking command in '/home/zqh/robot2/robot2_ws/src/fishbot_rgbd': PYTHONPATH=/home/zqh/robot2/robot2_ws/src/build/fishbot_rgbd/prefix_override:/usr/lib/python3/dist-packages/colcon_core/task/python/colcon_distutils_commands:/home/zqh/robot2/robot2_ws/src/install/fishbot_rgbd/lib/python3.8/site-packages:${PYTHONPATH} /usr/bin/python3 -W ignore:setup.py install is deprecated -W ignore:easy_install command is deprecated setup.py egg_info --egg-base ../build/fishbot_rgbd build --build-base /home/zqh/robot2/robot2_ws/src/build/fishbot_rgbd/build install --record /home/zqh/robot2/robot2_ws/src/build/fishbot_rgbd/install.log --install-scripts $base/lib/fishbot_rgbd --single-version-externally-managed install_data
[0.832s] running egg_info
[0.832s] creating ../build/fishbot_rgbd/fishbot_rgbd.egg-info
[0.839s] writing ../build/fishbot_rgbd/fishbot_rgbd.egg-info/PKG-INFO
[0.839s] writing dependency_links to ../build/fishbot_rgbd/fishbot_rgbd.egg-info/dependency_links.txt
[0.840s] writing entry points to ../build/fishbot_rgbd/fishbot_rgbd.egg-info/entry_points.txt
[0.840s] writing requirements to ../build/fishbot_rgbd/fishbot_rgbd.egg-info/requires.txt
[0.840s] writing top-level names to ../build/fishbot_rgbd/fishbot_rgbd.egg-info/top_level.txt
[0.842s] writing manifest file '../build/fishbot_rgbd/fishbot_rgbd.egg-info/SOURCES.txt'
[0.874s] reading manifest file '../build/fishbot_rgbd/fishbot_rgbd.egg-info/SOURCES.txt'
[0.875s] writing manifest file '../build/fishbot_rgbd/fishbot_rgbd.egg-info/SOURCES.txt'
[0.875s] running build
[0.875s] running build_py
[0.875s] creating /home/zqh/robot2/robot2_ws/src/build/fishbot_rgbd/build
[0.875s] creating /home/zqh/robot2/robot2_ws/src/build/fishbot_rgbd/build/lib
[0.876s] creating /home/zqh/robot2/robot2_ws/src/build/fishbot_rgbd/build/lib/fishbot_rgbd
[0.876s] copying fishbot_rgbd/camera_save.py -> /home/zqh/robot2/robot2_ws/src/build/fishbot_rgbd/build/lib/fishbot_rgbd
[0.876s] copying fishbot_rgbd/__init__.py -> /home/zqh/robot2/robot2_ws/src/build/fishbot_rgbd/build/lib/fishbot_rgbd
[0.876s] running install
[0.876s] running install_lib
[0.877s] creating /home/zqh/robot2/robot2_ws/src/install/fishbot_rgbd/lib/python3.8/site-packages/fishbot_rgbd
[0.877s] copying /home/zqh/robot2/robot2_ws/src/build/fishbot_rgbd/build/lib/fishbot_rgbd/camera_save.py -> /home/zqh/robot2/robot2_ws/src/install/fishbot_rgbd/lib/python3.8/site-packages/fishbot_rgbd
[0.878s] copying /home/zqh/robot2/robot2_ws/src/build/fishbot_rgbd/build/lib/fishbot_rgbd/__init__.py -> /home/zqh/robot2/robot2_ws/src/install/fishbot_rgbd/lib/python3.8/site-packages/fishbot_rgbd
[0.878s] byte-compiling /home/zqh/robot2/robot2_ws/src/install/fishbot_rgbd/lib/python3.8/site-packages/fishbot_rgbd/camera_save.py to camera_save.cpython-38.pyc
[0.880s] byte-compiling /home/zqh/robot2/robot2_ws/src/install/fishbot_rgbd/lib/python3.8/site-packages/fishbot_rgbd/__init__.py to __init__.cpython-38.pyc
[0.880s] running install_data
[0.880s] creating /home/zqh/robot2/robot2_ws/src/install/fishbot_rgbd/share/ament_index
[0.880s] creating /home/zqh/robot2/robot2_ws/src/install/fishbot_rgbd/share/ament_index/resource_index
[0.881s] creating /home/zqh/robot2/robot2_ws/src/install/fishbot_rgbd/share/ament_index/resource_index/packages
[0.881s] copying resource/fishbot_rgbd -> /home/zqh/robot2/robot2_ws/src/install/fishbot_rgbd/share/ament_index/resource_index/packages
[0.881s] copying package.xml -> /home/zqh/robot2/robot2_ws/src/install/fishbot_rgbd/share/fishbot_rgbd
[0.881s] creating /home/zqh/robot2/robot2_ws/src/install/fishbot_rgbd/share/fishbot_rgbd/config
[0.881s] copying config/camera_config.yaml -> /home/zqh/robot2/robot2_ws/src/install/fishbot_rgbd/share/fishbot_rgbd/config
[0.881s] running install_egg_info
[0.883s] Copying ../build/fishbot_rgbd/fishbot_rgbd.egg-info to /home/zqh/robot2/robot2_ws/src/install/fishbot_rgbd/lib/python3.8/site-packages/fishbot_rgbd-0.0.0-py3.8.egg-info
[0.886s] running install_scripts
[0.905s] Installing camera_node script to /home/zqh/robot2/robot2_ws/src/install/fishbot_rgbd/lib/fishbot_rgbd
[0.905s] writing list of installed files to '/home/zqh/robot2/robot2_ws/src/build/fishbot_rgbd/install.log'
[0.933s] Invoked command in '/home/zqh/robot2/robot2_ws/src/fishbot_rgbd' returned '0': PYTHONPATH=/home/zqh/robot2/robot2_ws/src/build/fishbot_rgbd/prefix_override:/usr/lib/python3/dist-packages/colcon_core/task/python/colcon_distutils_commands:/home/zqh/robot2/robot2_ws/src/install/fishbot_rgbd/lib/python3.8/site-packages:${PYTHONPATH} /usr/bin/python3 -W ignore:setup.py install is deprecated -W ignore:easy_install command is deprecated setup.py egg_info --egg-base ../build/fishbot_rgbd build --build-base /home/zqh/robot2/robot2_ws/src/build/fishbot_rgbd/build install --record /home/zqh/robot2/robot2_ws/src/build/fishbot_rgbd/install.log --install-scripts $base/lib/fishbot_rgbd --single-version-externally-managed install_data
