-- The C compiler identification is GNU 9.4.0
-- The CXX compiler identification is GNU 9.4.0
-- Check for working C compiler: /usr/bin/cc
-- Check for working C compiler: /usr/bin/cc -- works
-- Detecting C compiler ABI info
-- Detecting C compiler ABI info - done
-- Detecting C compile features
-- Detecting C compile features - done
-- Check for working CXX compiler: /usr/bin/c++
-- Check for working CXX compiler: /usr/bin/c++ -- works
-- Detecting CXX compiler ABI info
-- Detecting CXX compiler ABI info - done
-- Detecting CXX compile features
-- Detecting CXX compile features - done
-- Found ament_cmake: 0.9.12 (/opt/ros/foxy/share/ament_cmake/cmake)
-- Found PythonInterp: /usr/bin/python3 (found suitable version "3.8.10", minimum required is "3") 
-- Using PYTHON_EXECUTABLE: /usr/bin/python3
-- Found ament_lint_auto: 0.9.8 (/opt/ros/foxy/share/ament_lint_auto/cmake)
-- Added test 'copyright' to check source files copyright and LICENSE
-- Added test 'flake8' to check Python code syntax and style conventions
-- Added test 'lint_cmake' to check CMake code style
-- Added test 'pep257' to check Python code against some of the style conventions in PEP 257
-- Added test 'xmllint' to check XML markup files
-- Configuring done
-- Generating done
-- Build files have been written to: /home/zqh/robot2/robot2_ws/src/build/fishbot_description
-- Install configuration: ""
-- Installing: /home/zqh/robot2/robot2_ws/src/install/fishbot_description/share/fishbot_description/launch
-- Installing: /home/zqh/robot2/robot2_ws/src/install/fishbot_description/share/fishbot_description/launch/display_robot.launch.py
-- Installing: /home/zqh/robot2/robot2_ws/src/install/fishbot_description/share/fishbot_description/launch/__pycache__
-- Installing: /home/zqh/robot2/robot2_ws/src/install/fishbot_description/share/fishbot_description/launch/__pycache__/display_robot.launch.cpython-38.pyc
-- Installing: /home/zqh/robot2/robot2_ws/src/install/fishbot_description/share/fishbot_description/launch/gazebo_sim.launch.py
-- Installing: /home/zqh/robot2/robot2_ws/src/install/fishbot_description/share/fishbot_description/urdf
-- Installing: /home/zqh/robot2/robot2_ws/src/install/fishbot_description/share/fishbot_description/urdf/first_robot.gv
-- Installing: /home/zqh/robot2/robot2_ws/src/install/fishbot_description/share/fishbot_description/urdf/fishbot
-- Installing: /home/zqh/robot2/robot2_ws/src/install/fishbot_description/share/fishbot_description/urdf/fishbot/base.urdf.xacro
-- Installing: /home/zqh/robot2/robot2_ws/src/install/fishbot_description/share/fishbot_description/urdf/fishbot/fishbot.urdf.xacro
-- Installing: /home/zqh/robot2/robot2_ws/src/install/fishbot_description/share/fishbot_description/urdf/fishbot/fishbot.ros2_control.xacro
-- Installing: /home/zqh/robot2/robot2_ws/src/install/fishbot_description/share/fishbot_description/urdf/fishbot/plugins
-- Installing: /home/zqh/robot2/robot2_ws/src/install/fishbot_description/share/fishbot_description/urdf/fishbot/plugins/gazebo_control_plugin.xacro
-- Installing: /home/zqh/robot2/robot2_ws/src/install/fishbot_description/share/fishbot_description/urdf/fishbot/plugins/gazebo_sensor_plugin.xacro
-- Installing: /home/zqh/robot2/robot2_ws/src/install/fishbot_description/share/fishbot_description/urdf/fishbot/actuator
-- Installing: /home/zqh/robot2/robot2_ws/src/install/fishbot_description/share/fishbot_description/urdf/fishbot/actuator/caster.urdf.xacro
-- Installing: /home/zqh/robot2/robot2_ws/src/install/fishbot_description/share/fishbot_description/urdf/fishbot/actuator/wheel.urdf.xacro
-- Installing: /home/zqh/robot2/robot2_ws/src/install/fishbot_description/share/fishbot_description/urdf/fishbot/sensor
-- Installing: /home/zqh/robot2/robot2_ws/src/install/fishbot_description/share/fishbot_description/urdf/fishbot/sensor/camera.urdf.xacro
-- Installing: /home/zqh/robot2/robot2_ws/src/install/fishbot_description/share/fishbot_description/urdf/fishbot/sensor/imu.urdf.xacro
-- Installing: /home/zqh/robot2/robot2_ws/src/install/fishbot_description/share/fishbot_description/urdf/fishbot/sensor/laser.urdf.xacro
-- Installing: /home/zqh/robot2/robot2_ws/src/install/fishbot_description/share/fishbot_description/urdf/fishbot/common_inertia.xacro
-- Installing: /home/zqh/robot2/robot2_ws/src/install/fishbot_description/share/fishbot_description/urdf/first_robot.urdf
-- Installing: /home/zqh/robot2/robot2_ws/src/install/fishbot_description/share/fishbot_description/urdf/first_robot.pdf
-- Installing: /home/zqh/robot2/robot2_ws/src/install/fishbot_description/share/fishbot_description/urdf/first_robot.xacro
-- Installing: /home/zqh/robot2/robot2_ws/src/install/fishbot_description/share/fishbot_description/config
-- Installing: /home/zqh/robot2/robot2_ws/src/install/fishbot_description/share/fishbot_description/config/display_robot_model.rviz
-- Installing: /home/zqh/robot2/robot2_ws/src/install/fishbot_description/share/fishbot_description/config/fishbot_ros2_controller.yaml
-- Installing: /home/zqh/robot2/robot2_ws/src/install/fishbot_description/share/fishbot_description/world
-- Installing: /home/zqh/robot2/robot2_ws/src/install/fishbot_description/share/fishbot_description/world/room
-- Installing: /home/zqh/robot2/robot2_ws/src/install/fishbot_description/share/fishbot_description/world/room/model.config
-- Installing: /home/zqh/robot2/robot2_ws/src/install/fishbot_description/share/fishbot_description/world/room/model.sdf
-- Installing: /home/zqh/robot2/robot2_ws/src/install/fishbot_description/share/fishbot_description/world/mp3d1
-- Installing: /home/zqh/robot2/robot2_ws/src/install/fishbot_description/share/fishbot_description/world/mp3d1/b94039b4eb8947bdb9ff5719d9173eae_031.jpg
-- Installing: /home/zqh/robot2/robot2_ws/src/install/fishbot_description/share/fishbot_description/world/mp3d1/b94039b4eb8947bdb9ff5719d9173eae_040.jpg
-- Installing: /home/zqh/robot2/robot2_ws/src/install/fishbot_description/share/fishbot_description/world/mp3d1/b94039b4eb8947bdb9ff5719d9173eae_086.jpg
-- Installing: /home/zqh/robot2/robot2_ws/src/install/fishbot_description/share/fishbot_description/world/mp3d1/b94039b4eb8947bdb9ff5719d9173eae_008.jpg
-- Installing: /home/zqh/robot2/robot2_ws/src/install/fishbot_description/share/fishbot_description/world/mp3d1/b94039b4eb8947bdb9ff5719d9173eae_085.jpg
-- Installing: /home/zqh/robot2/robot2_ws/src/install/fishbot_description/share/fishbot_description/world/mp3d1/mp3d1.world
-- Installing: /home/zqh/robot2/robot2_ws/src/install/fishbot_description/share/fishbot_description/world/mp3d1/b94039b4eb8947bdb9ff5719d9173eae_043.jpg
-- Installing: /home/zqh/robot2/robot2_ws/src/install/fishbot_description/share/fishbot_description/world/mp3d1/b94039b4eb8947bdb9ff5719d9173eae_013.jpg
-- Installing: /home/zqh/robot2/robot2_ws/src/install/fishbot_description/share/fishbot_description/world/mp3d1/b94039b4eb8947bdb9ff5719d9173eae_084.jpg
-- Installing: /home/zqh/robot2/robot2_ws/src/install/fishbot_description/share/fishbot_description/world/mp3d1/b94039b4eb8947bdb9ff5719d9173eae_007.jpg
-- Installing: /home/zqh/robot2/robot2_ws/src/install/fishbot_description/share/fishbot_description/world/mp3d1/b94039b4eb8947bdb9ff5719d9173eae_045.jpg
-- Installing: /home/zqh/robot2/robot2_ws/src/install/fishbot_description/share/fishbot_description/world/mp3d1/b94039b4eb8947bdb9ff5719d9173eae_082.jpg
-- Installing: /home/zqh/robot2/robot2_ws/src/install/fishbot_description/share/fishbot_description/world/mp3d1/b94039b4eb8947bdb9ff5719d9173eae_001.jpg
-- Installing: /home/zqh/robot2/robot2_ws/src/install/fishbot_description/share/fishbot_description/world/mp3d1/b94039b4eb8947bdb9ff5719d9173eae_059.jpg
-- Installing: /home/zqh/robot2/robot2_ws/src/install/fishbot_description/share/fishbot_description/world/mp3d1/b94039b4eb8947bdb9ff5719d9173eae_009.jpg
-- Installing: /home/zqh/robot2/robot2_ws/src/install/fishbot_description/share/fishbot_description/world/mp3d1/b94039b4eb8947bdb9ff5719d9173eae_068.jpg
-- Installing: /home/zqh/robot2/robot2_ws/src/install/fishbot_description/share/fishbot_description/world/mp3d1/b94039b4eb8947bdb9ff5719d9173eae_019.jpg
-- Installing: /home/zqh/robot2/robot2_ws/src/install/fishbot_description/share/fishbot_description/world/mp3d1/b94039b4eb8947bdb9ff5719d9173eae_047.jpg
-- Installing: /home/zqh/robot2/robot2_ws/src/install/fishbot_description/share/fishbot_description/world/mp3d1/b94039b4eb8947bdb9ff5719d9173eae_048.jpg
-- Installing: /home/zqh/robot2/robot2_ws/src/install/fishbot_description/share/fishbot_description/world/mp3d1/b94039b4eb8947bdb9ff5719d9173eae_015.jpg
-- Installing: /home/zqh/robot2/robot2_ws/src/install/fishbot_description/share/fishbot_description/world/mp3d1/b94039b4eb8947bdb9ff5719d9173eae_087.jpg
-- Installing: /home/zqh/robot2/robot2_ws/src/install/fishbot_description/share/fishbot_description/world/mp3d1/b94039b4eb8947bdb9ff5719d9173eae_018.jpg
-- Installing: /home/zqh/robot2/robot2_ws/src/install/fishbot_description/share/fishbot_description/world/mp3d1/b94039b4eb8947bdb9ff5719d9173eae_083.jpg
-- Installing: /home/zqh/robot2/robot2_ws/src/install/fishbot_description/share/fishbot_description/world/mp3d1/b94039b4eb8947bdb9ff5719d9173eae_060.jpg
-- Installing: /home/zqh/robot2/robot2_ws/src/install/fishbot_description/share/fishbot_description/world/mp3d1/b94039b4eb8947bdb9ff5719d9173eae_028.jpg
-- Installing: /home/zqh/robot2/robot2_ws/src/install/fishbot_description/share/fishbot_description/world/mp3d1/b94039b4eb8947bdb9ff5719d9173eae_066.jpg
-- Installing: /home/zqh/robot2/robot2_ws/src/install/fishbot_description/share/fishbot_description/world/mp3d1/b94039b4eb8947bdb9ff5719d9173eae_052.jpg
-- Installing: /home/zqh/robot2/robot2_ws/src/install/fishbot_description/share/fishbot_description/world/mp3d1/b94039b4eb8947bdb9ff5719d9173eae_081.jpg
-- Installing: /home/zqh/robot2/robot2_ws/src/install/fishbot_description/share/fishbot_description/world/mp3d1/b94039b4eb8947bdb9ff5719d9173eae_053.jpg
-- Installing: /home/zqh/robot2/robot2_ws/src/install/fishbot_description/share/fishbot_description/world/mp3d1/b94039b4eb8947bdb9ff5719d9173eae_080.jpg
-- Installing: /home/zqh/robot2/robot2_ws/src/install/fishbot_description/share/fishbot_description/world/mp3d1/b94039b4eb8947bdb9ff5719d9173eae_011.jpg
-- Installing: /home/zqh/robot2/robot2_ws/src/install/fishbot_description/share/fishbot_description/world/mp3d1/b94039b4eb8947bdb9ff5719d9173eae_054.jpg
-- Installing: /home/zqh/robot2/robot2_ws/src/install/fishbot_description/share/fishbot_description/world/mp3d1/b94039b4eb8947bdb9ff5719d9173eae.obj
-- Installing: /home/zqh/robot2/robot2_ws/src/install/fishbot_description/share/fishbot_description/world/mp3d1/b94039b4eb8947bdb9ff5719d9173eae_022.jpg
-- Installing: /home/zqh/robot2/robot2_ws/src/install/fishbot_description/share/fishbot_description/world/mp3d1/b94039b4eb8947bdb9ff5719d9173eae_027.jpg
-- Installing: /home/zqh/robot2/robot2_ws/src/install/fishbot_description/share/fishbot_description/world/mp3d1/b94039b4eb8947bdb9ff5719d9173eae_006.jpg
-- Installing: /home/zqh/robot2/robot2_ws/src/install/fishbot_description/share/fishbot_description/world/mp3d1/untitled.dae
-- Installing: /home/zqh/robot2/robot2_ws/src/install/fishbot_description/share/fishbot_description/world/mp3d1/b94039b4eb8947bdb9ff5719d9173eae_065.jpg
-- Installing: /home/zqh/robot2/robot2_ws/src/install/fishbot_description/share/fishbot_description/world/mp3d1/b94039b4eb8947bdb9ff5719d9173eae_049.jpg
-- Installing: /home/zqh/robot2/robot2_ws/src/install/fishbot_description/share/fishbot_description/world/mp3d1/b94039b4eb8947bdb9ff5719d9173eae_005.jpg
-- Installing: /home/zqh/robot2/robot2_ws/src/install/fishbot_description/share/fishbot_description/world/mp3d1/b94039b4eb8947bdb9ff5719d9173eae_020.jpg
-- Installing: /home/zqh/robot2/robot2_ws/src/install/fishbot_description/share/fishbot_description/world/mp3d1/b94039b4eb8947bdb9ff5719d9173eae_041.jpg
-- Installing: /home/zqh/robot2/robot2_ws/src/install/fishbot_description/share/fishbot_description/world/mp3d1/b94039b4eb8947bdb9ff5719d9173eae_032.jpg
-- Installing: /home/zqh/robot2/robot2_ws/src/install/fishbot_description/share/fishbot_description/world/mp3d1/b94039b4eb8947bdb9ff5719d9173eae_089.jpg
-- Installing: /home/zqh/robot2/robot2_ws/src/install/fishbot_description/share/fishbot_description/world/mp3d1/b94039b4eb8947bdb9ff5719d9173eae_076.jpg
-- Installing: /home/zqh/robot2/robot2_ws/src/install/fishbot_description/share/fishbot_description/world/mp3d1/b94039b4eb8947bdb9ff5719d9173eae_000.jpg
-- Installing: /home/zqh/robot2/robot2_ws/src/install/fishbot_description/share/fishbot_description/world/mp3d1/b94039b4eb8947bdb9ff5719d9173eae_035.jpg
-- Installing: /home/zqh/robot2/robot2_ws/src/install/fishbot_description/share/fishbot_description/world/mp3d1/b94039b4eb8947bdb9ff5719d9173eae_074.jpg
-- Installing: /home/zqh/robot2/robot2_ws/src/install/fishbot_description/share/fishbot_description/world/mp3d1/b94039b4eb8947bdb9ff5719d9173eae_038.jpg
-- Installing: /home/zqh/robot2/robot2_ws/src/install/fishbot_description/share/fishbot_description/world/mp3d1/b94039b4eb8947bdb9ff5719d9173eae_036.jpg
-- Installing: /home/zqh/robot2/robot2_ws/src/install/fishbot_description/share/fishbot_description/world/mp3d1/mp3d1.dae
-- Installing: /home/zqh/robot2/robot2_ws/src/install/fishbot_description/share/fishbot_description/world/mp3d1/b94039b4eb8947bdb9ff5719d9173eae_023.jpg
-- Installing: /home/zqh/robot2/robot2_ws/src/install/fishbot_description/share/fishbot_description/world/mp3d1/b94039b4eb8947bdb9ff5719d9173eae_071.jpg
-- Installing: /home/zqh/robot2/robot2_ws/src/install/fishbot_description/share/fishbot_description/world/mp3d1/b94039b4eb8947bdb9ff5719d9173eae_042.jpg
-- Installing: /home/zqh/robot2/robot2_ws/src/install/fishbot_description/share/fishbot_description/world/mp3d1/b94039b4eb8947bdb9ff5719d9173eae_070.jpg
-- Installing: /home/zqh/robot2/robot2_ws/src/install/fishbot_description/share/fishbot_description/world/mp3d1/b94039b4eb8947bdb9ff5719d9173eae_017.jpg
-- Installing: /home/zqh/robot2/robot2_ws/src/install/fishbot_description/share/fishbot_description/world/mp3d1/mp3d1.config
-- Installing: /home/zqh/robot2/robot2_ws/src/install/fishbot_description/share/fishbot_description/world/mp3d1/b94039b4eb8947bdb9ff5719d9173eae.mtl
-- Installing: /home/zqh/robot2/robot2_ws/src/install/fishbot_description/share/fishbot_description/world/mp3d1/b94039b4eb8947bdb9ff5719d9173eae_072.jpg
-- Installing: /home/zqh/robot2/robot2_ws/src/install/fishbot_description/share/fishbot_description/world/mp3d1/b94039b4eb8947bdb9ff5719d9173eae_012.jpg
-- Installing: /home/zqh/robot2/robot2_ws/src/install/fishbot_description/share/fishbot_description/world/mp3d1/b94039b4eb8947bdb9ff5719d9173eae_094.jpg
-- Installing: /home/zqh/robot2/robot2_ws/src/install/fishbot_description/share/fishbot_description/world/mp3d1/b94039b4eb8947bdb9ff5719d9173eae_091.jpg
-- Installing: /home/zqh/robot2/robot2_ws/src/install/fishbot_description/share/fishbot_description/world/mp3d1/b94039b4eb8947bdb9ff5719d9173eae_010.jpg
-- Installing: /home/zqh/robot2/robot2_ws/src/install/fishbot_description/share/fishbot_description/world/mp3d1/b94039b4eb8947bdb9ff5719d9173eae_046.jpg
-- Installing: /home/zqh/robot2/robot2_ws/src/install/fishbot_description/share/fishbot_description/world/mp3d1/b94039b4eb8947bdb9ff5719d9173eae_079.jpg
-- Installing: /home/zqh/robot2/robot2_ws/src/install/fishbot_description/share/fishbot_description/world/mp3d1/b94039b4eb8947bdb9ff5719d9173eae_090.jpg
-- Installing: /home/zqh/robot2/robot2_ws/src/install/fishbot_description/share/fishbot_description/world/mp3d1/b94039b4eb8947bdb9ff5719d9173eae_037.jpg
-- Installing: /home/zqh/robot2/robot2_ws/src/install/fishbot_description/share/fishbot_description/world/mp3d1/b94039b4eb8947bdb9ff5719d9173eae_002.jpg
-- Installing: /home/zqh/robot2/robot2_ws/src/install/fishbot_description/share/fishbot_description/world/mp3d1/b94039b4eb8947bdb9ff5719d9173eae_039.jpg
-- Installing: /home/zqh/robot2/robot2_ws/src/install/fishbot_description/share/fishbot_description/world/mp3d1/b94039b4eb8947bdb9ff5719d9173eae_067.jpg
-- Installing: /home/zqh/robot2/robot2_ws/src/install/fishbot_description/share/fishbot_description/world/mp3d1/b94039b4eb8947bdb9ff5719d9173eae_064.jpg
-- Installing: /home/zqh/robot2/robot2_ws/src/install/fishbot_description/share/fishbot_description/world/mp3d1/b94039b4eb8947bdb9ff5719d9173eae_075.jpg
-- Installing: /home/zqh/robot2/robot2_ws/src/install/fishbot_description/share/fishbot_description/world/mp3d1/b94039b4eb8947bdb9ff5719d9173eae_069.jpg
-- Installing: /home/zqh/robot2/robot2_ws/src/install/fishbot_description/share/fishbot_description/world/mp3d1/b94039b4eb8947bdb9ff5719d9173eae_056.jpg
-- Installing: /home/zqh/robot2/robot2_ws/src/install/fishbot_description/share/fishbot_description/world/mp3d1/b94039b4eb8947bdb9ff5719d9173eae_061.jpg
-- Installing: /home/zqh/robot2/robot2_ws/src/install/fishbot_description/share/fishbot_description/world/mp3d1/b94039b4eb8947bdb9ff5719d9173eae_025.jpg
-- Installing: /home/zqh/robot2/robot2_ws/src/install/fishbot_description/share/fishbot_description/world/mp3d1/b94039b4eb8947bdb9ff5719d9173eae_051.jpg
-- Installing: /home/zqh/robot2/robot2_ws/src/install/fishbot_description/share/fishbot_description/world/mp3d1/b94039b4eb8947bdb9ff5719d9173eae_030.jpg
-- Installing: /home/zqh/robot2/robot2_ws/src/install/fishbot_description/share/fishbot_description/world/mp3d1/b94039b4eb8947bdb9ff5719d9173eae_093.jpg
-- Installing: /home/zqh/robot2/robot2_ws/src/install/fishbot_description/share/fishbot_description/world/mp3d1/b94039b4eb8947bdb9ff5719d9173eae_088.jpg
-- Installing: /home/zqh/robot2/robot2_ws/src/install/fishbot_description/share/fishbot_description/world/mp3d1/b94039b4eb8947bdb9ff5719d9173eae_050.jpg
-- Installing: /home/zqh/robot2/robot2_ws/src/install/fishbot_description/share/fishbot_description/world/mp3d1/b94039b4eb8947bdb9ff5719d9173eae_024.jpg
-- Installing: /home/zqh/robot2/robot2_ws/src/install/fishbot_description/share/fishbot_description/world/mp3d1/b94039b4eb8947bdb9ff5719d9173eae_063.jpg
-- Installing: /home/zqh/robot2/robot2_ws/src/install/fishbot_description/share/fishbot_description/world/mp3d1/b94039b4eb8947bdb9ff5719d9173eae_057.jpg
-- Installing: /home/zqh/robot2/robot2_ws/src/install/fishbot_description/share/fishbot_description/world/mp3d1/b94039b4eb8947bdb9ff5719d9173eae_092.jpg
-- Installing: /home/zqh/robot2/robot2_ws/src/install/fishbot_description/share/fishbot_description/world/mp3d1/b94039b4eb8947bdb9ff5719d9173eae_033.jpg
-- Installing: /home/zqh/robot2/robot2_ws/src/install/fishbot_description/share/fishbot_description/world/mp3d1/b94039b4eb8947bdb9ff5719d9173eae_014.jpg
-- Installing: /home/zqh/robot2/robot2_ws/src/install/fishbot_description/share/fishbot_description/world/mp3d1/b94039b4eb8947bdb9ff5719d9173eae_034.jpg
-- Installing: /home/zqh/robot2/robot2_ws/src/install/fishbot_description/share/fishbot_description/world/mp3d1/b94039b4eb8947bdb9ff5719d9173eae_055.jpg
-- Installing: /home/zqh/robot2/robot2_ws/src/install/fishbot_description/share/fishbot_description/world/mp3d1/b94039b4eb8947bdb9ff5719d9173eae_016.jpg
-- Installing: /home/zqh/robot2/robot2_ws/src/install/fishbot_description/share/fishbot_description/world/mp3d1/b94039b4eb8947bdb9ff5719d9173eae_021.jpg
-- Installing: /home/zqh/robot2/robot2_ws/src/install/fishbot_description/share/fishbot_description/world/mp3d1/b94039b4eb8947bdb9ff5719d9173eae_077.jpg
-- Installing: /home/zqh/robot2/robot2_ws/src/install/fishbot_description/share/fishbot_description/world/mp3d1/b94039b4eb8947bdb9ff5719d9173eae_078.jpg
-- Installing: /home/zqh/robot2/robot2_ws/src/install/fishbot_description/share/fishbot_description/world/mp3d1/b94039b4eb8947bdb9ff5719d9173eae_073.jpg
-- Installing: /home/zqh/robot2/robot2_ws/src/install/fishbot_description/share/fishbot_description/world/mp3d1/b94039b4eb8947bdb9ff5719d9173eae_004.jpg
-- Installing: /home/zqh/robot2/robot2_ws/src/install/fishbot_description/share/fishbot_description/world/mp3d1/b94039b4eb8947bdb9ff5719d9173eae_062.jpg
-- Installing: /home/zqh/robot2/robot2_ws/src/install/fishbot_description/share/fishbot_description/world/mp3d1/b94039b4eb8947bdb9ff5719d9173eae_029.jpg
-- Installing: /home/zqh/robot2/robot2_ws/src/install/fishbot_description/share/fishbot_description/world/mp3d1/b94039b4eb8947bdb9ff5719d9173eae_026.jpg
-- Installing: /home/zqh/robot2/robot2_ws/src/install/fishbot_description/share/fishbot_description/world/mp3d1/b94039b4eb8947bdb9ff5719d9173eae_044.jpg
-- Installing: /home/zqh/robot2/robot2_ws/src/install/fishbot_description/share/fishbot_description/world/mp3d1/b94039b4eb8947bdb9ff5719d9173eae_058.jpg
-- Installing: /home/zqh/robot2/robot2_ws/src/install/fishbot_description/share/fishbot_description/world/mp3d1/b94039b4eb8947bdb9ff5719d9173eae_003.jpg
-- Installing: /home/zqh/robot2/robot2_ws/src/install/fishbot_description/share/fishbot_description/world/custom_room.world
-- Installing: /home/zqh/robot2/robot2_ws/src/install/fishbot_description/share/fishbot_description/world/office.world
-- Installing: /home/zqh/robot2/robot2_ws/src/install/fishbot_description/share/fishbot_description/world/scannet1.world
-- Installing: /home/zqh/robot2/robot2_ws/src/install/fishbot_description/share/fishbot_description/world/house.world
-- Installing: /home/zqh/robot2/robot2_ws/src/install/fishbot_description/share/fishbot_description/world/custom_room_1.world
-- Installing: /home/zqh/robot2/robot2_ws/src/install/fishbot_description/share/fishbot_description/world/scene0000_00_vh_clean_2.dae
-- Installing: /home/zqh/robot2/robot2_ws/src/install/fishbot_description/share/fishbot_description/world/house.dae
-- Installing: /home/zqh/robot2/robot2_ws/src/install/fishbot_description/share/fishbot_description/world/generate.world
-- Installing: /home/zqh/robot2/robot2_ws/src/install/fishbot_description/share/fishbot_description/world/scene0000_00_vh_clean_2_tex.png
-- Installing: /home/zqh/robot2/robot2_ws/src/install/fishbot_description/share/ament_index/resource_index/package_run_dependencies/fishbot_description
-- Installing: /home/zqh/robot2/robot2_ws/src/install/fishbot_description/share/ament_index/resource_index/parent_prefix_path/fishbot_description
-- Installing: /home/zqh/robot2/robot2_ws/src/install/fishbot_description/share/fishbot_description/environment/ament_prefix_path.sh
-- Installing: /home/zqh/robot2/robot2_ws/src/install/fishbot_description/share/fishbot_description/environment/ament_prefix_path.dsv
-- Installing: /home/zqh/robot2/robot2_ws/src/install/fishbot_description/share/fishbot_description/environment/path.sh
-- Installing: /home/zqh/robot2/robot2_ws/src/install/fishbot_description/share/fishbot_description/environment/path.dsv
-- Installing: /home/zqh/robot2/robot2_ws/src/install/fishbot_description/share/fishbot_description/local_setup.bash
-- Installing: /home/zqh/robot2/robot2_ws/src/install/fishbot_description/share/fishbot_description/local_setup.sh
-- Installing: /home/zqh/robot2/robot2_ws/src/install/fishbot_description/share/fishbot_description/local_setup.zsh
-- Installing: /home/zqh/robot2/robot2_ws/src/install/fishbot_description/share/fishbot_description/local_setup.dsv
-- Installing: /home/zqh/robot2/robot2_ws/src/install/fishbot_description/share/fishbot_description/package.dsv
-- Installing: /home/zqh/robot2/robot2_ws/src/install/fishbot_description/share/ament_index/resource_index/packages/fishbot_description
-- Installing: /home/zqh/robot2/robot2_ws/src/install/fishbot_description/share/fishbot_description/cmake/fishbot_descriptionConfig.cmake
-- Installing: /home/zqh/robot2/robot2_ws/src/install/fishbot_description/share/fishbot_description/cmake/fishbot_descriptionConfig-version.cmake
-- Installing: /home/zqh/robot2/robot2_ws/src/install/fishbot_description/share/fishbot_description/package.xml
