[0.737s] Invoking command in '/home/zqh/robot2/robot2_ws/src/fishbot_rgbd': PYTHONPATH=/home/zqh/robot2/robot2_ws/build/fishbot_rgbd/prefix_override:/usr/lib/python3/dist-packages/colcon_core/task/python/colcon_distutils_commands:/home/zqh/robot2/robot2_ws/install/fishbot_rgbd/lib/python3.8/site-packages:${PYTHONPATH} /usr/bin/python3 -W ignore:setup.py install is deprecated -W ignore:easy_install command is deprecated setup.py egg_info --egg-base ../../build/fishbot_rgbd build --build-base /home/zqh/robot2/robot2_ws/build/fishbot_rgbd/build install --record /home/zqh/robot2/robot2_ws/build/fishbot_rgbd/install.log --install-scripts $base/lib/fishbot_rgbd --single-version-externally-managed install_data
[0.921s] running egg_info
[0.921s] writing ../../build/fishbot_rgbd/fishbot_rgbd.egg-info/PKG-INFO
[0.921s] writing dependency_links to ../../build/fishbot_rgbd/fishbot_rgbd.egg-info/dependency_links.txt
[0.921s] writing entry points to ../../build/fishbot_rgbd/fishbot_rgbd.egg-info/entry_points.txt
[0.922s] writing requirements to ../../build/fishbot_rgbd/fishbot_rgbd.egg-info/requires.txt
[0.922s] writing top-level names to ../../build/fishbot_rgbd/fishbot_rgbd.egg-info/top_level.txt
[0.954s] reading manifest file '../../build/fishbot_rgbd/fishbot_rgbd.egg-info/SOURCES.txt'
[0.955s] writing manifest file '../../build/fishbot_rgbd/fishbot_rgbd.egg-info/SOURCES.txt'
[0.955s] running build
[0.955s] running build_py
[0.955s] running install
[0.955s] running install_lib
[0.957s] running install_data
[0.957s] running install_egg_info
[0.958s] removing '/home/zqh/robot2/robot2_ws/install/fishbot_rgbd/lib/python3.8/site-packages/fishbot_rgbd-0.0.0-py3.8.egg-info' (and everything under it)
[0.958s] Copying ../../build/fishbot_rgbd/fishbot_rgbd.egg-info to /home/zqh/robot2/robot2_ws/install/fishbot_rgbd/lib/python3.8/site-packages/fishbot_rgbd-0.0.0-py3.8.egg-info
[0.959s] running install_scripts
[0.972s] Installing camera_node script to /home/zqh/robot2/robot2_ws/install/fishbot_rgbd/lib/fishbot_rgbd
[0.972s] writing list of installed files to '/home/zqh/robot2/robot2_ws/build/fishbot_rgbd/install.log'
[0.997s] Invoked command in '/home/zqh/robot2/robot2_ws/src/fishbot_rgbd' returned '0': PYTHONPATH=/home/zqh/robot2/robot2_ws/build/fishbot_rgbd/prefix_override:/usr/lib/python3/dist-packages/colcon_core/task/python/colcon_distutils_commands:/home/zqh/robot2/robot2_ws/install/fishbot_rgbd/lib/python3.8/site-packages:${PYTHONPATH} /usr/bin/python3 -W ignore:setup.py install is deprecated -W ignore:easy_install command is deprecated setup.py egg_info --egg-base ../../build/fishbot_rgbd build --build-base /home/zqh/robot2/robot2_ws/build/fishbot_rgbd/build install --record /home/zqh/robot2/robot2_ws/build/fishbot_rgbd/install.log --install-scripts $base/lib/fishbot_rgbd --single-version-externally-managed install_data
