[0.207s] DEBUG:colcon:Command line arguments: ['/usr/bin/colcon', 'build']
[0.207s] DEBUG:colcon:Parsed command line arguments: Namespace(allow_overriding=[], ament_cmake_args=None, base_paths=['.'], build_base='build', catkin_cmake_args=None, catkin_skip_building_tests=False, cmake_args=None, cmake_clean_cache=False, cmake_clean_first=False, cmake_force_configure=False, cmake_target=None, cmake_target_skip_unavailable=False, continue_on_error=False, event_handlers=None, executor='parallel', ignore_user_meta=False, install_base='install', log_base=None, log_level=None, main=<bound method BuildVerb.main of <colcon_core.verb.build.BuildVerb object at 0x7fbe32fc5820>>, merge_install=False, metas=['./colcon.meta'], mixin=None, mixin_files=None, mixin_verb=('build',), packages_above=None, packages_above_and_dependencies=None, packages_above_depth=None, packages_end=None, packages_ignore=None, packages_ignore_regex=None, packages_select=None, packages_select_build_failed=False, packages_select_by_dep=None, packages_select_regex=None, packages_select_test_failures=False, packages_skip=None, packages_skip_build_finished=False, packages_skip_by_dep=None, packages_skip_regex=None, packages_skip_test_passed=False, packages_skip_up_to=None, packages_start=None, packages_up_to=None, packages_up_to_regex=None, parallel_workers=16, paths=None, symlink_install=False, test_result_base=None, verb_extension=<colcon_core.verb.build.BuildVerb object at 0x7fbe32fc5820>, verb_name='build', verb_parser=<colcon_mixin.mixin.mixin_argument.MixinArgumentDecorator object at 0x7fbe32fd4280>)
[0.343s] Level 1:colcon.colcon_core.package_discovery:discover_packages(colcon_meta) check parameters
[0.344s] Level 1:colcon.colcon_core.package_discovery:discover_packages(recursive) check parameters
[0.344s] Level 1:colcon.colcon_core.package_discovery:discover_packages(ignore) check parameters
[0.344s] Level 1:colcon.colcon_core.package_discovery:discover_packages(path) check parameters
[0.344s] Level 1:colcon.colcon_core.package_discovery:discover_packages(colcon_meta) discover
[0.344s] Level 1:colcon.colcon_core.package_discovery:discover_packages(recursive) discover
[0.344s] INFO:colcon.colcon_core.package_discovery:Crawling recursively for packages in '/home/zqh/robot2/robot2_ws'
[0.344s] Level 1:colcon.colcon_core.package_identification:_identify(.) by extensions ['ignore', 'ignore_ament_install']
[0.344s] Level 1:colcon.colcon_core.package_identification:_identify(.) by extension 'ignore'
[0.344s] Level 1:colcon.colcon_core.package_identification:_identify(.) by extension 'ignore_ament_install'
[0.344s] Level 1:colcon.colcon_core.package_identification:_identify(.) by extensions ['colcon_pkg']
[0.344s] Level 1:colcon.colcon_core.package_identification:_identify(.) by extension 'colcon_pkg'
[0.344s] Level 1:colcon.colcon_core.package_identification:_identify(.) by extensions ['colcon_meta']
[0.344s] Level 1:colcon.colcon_core.package_identification:_identify(.) by extension 'colcon_meta'
[0.344s] Level 1:colcon.colcon_core.package_identification:_identify(.) by extensions ['ros']
[0.344s] Level 1:colcon.colcon_core.package_identification:_identify(.) by extension 'ros'
[0.354s] Level 1:colcon.colcon_core.package_identification:_identify(.) by extensions ['cmake', 'python']
[0.354s] Level 1:colcon.colcon_core.package_identification:_identify(.) by extension 'cmake'
[0.354s] Level 1:colcon.colcon_core.package_identification:_identify(.) by extension 'python'
[0.354s] Level 1:colcon.colcon_core.package_identification:_identify(.) by extensions ['python_setup_py']
[0.354s] Level 1:colcon.colcon_core.package_identification:_identify(.) by extension 'python_setup_py'
[0.354s] Level 1:colcon.colcon_core.package_identification:_identify(build) by extensions ['ignore', 'ignore_ament_install']
[0.354s] Level 1:colcon.colcon_core.package_identification:_identify(build) by extension 'ignore'
[0.354s] Level 1:colcon.colcon_core.package_identification:_identify(build) ignored
[0.354s] Level 1:colcon.colcon_core.package_identification:_identify(install) by extensions ['ignore', 'ignore_ament_install']
[0.354s] Level 1:colcon.colcon_core.package_identification:_identify(install) by extension 'ignore'
[0.354s] Level 1:colcon.colcon_core.package_identification:_identify(install) ignored
[0.355s] Level 1:colcon.colcon_core.package_identification:_identify(log) by extensions ['ignore', 'ignore_ament_install']
[0.355s] Level 1:colcon.colcon_core.package_identification:_identify(log) by extension 'ignore'
[0.355s] Level 1:colcon.colcon_core.package_identification:_identify(log) ignored
[0.355s] Level 1:colcon.colcon_core.package_identification:_identify(src) by extensions ['ignore', 'ignore_ament_install']
[0.355s] Level 1:colcon.colcon_core.package_identification:_identify(src) by extension 'ignore'
[0.355s] Level 1:colcon.colcon_core.package_identification:_identify(src) by extension 'ignore_ament_install'
[0.355s] Level 1:colcon.colcon_core.package_identification:_identify(src) by extensions ['colcon_pkg']
[0.355s] Level 1:colcon.colcon_core.package_identification:_identify(src) by extension 'colcon_pkg'
[0.355s] Level 1:colcon.colcon_core.package_identification:_identify(src) by extensions ['colcon_meta']
[0.355s] Level 1:colcon.colcon_core.package_identification:_identify(src) by extension 'colcon_meta'
[0.355s] Level 1:colcon.colcon_core.package_identification:_identify(src) by extensions ['ros']
[0.355s] Level 1:colcon.colcon_core.package_identification:_identify(src) by extension 'ros'
[0.355s] Level 1:colcon.colcon_core.package_identification:_identify(src) by extensions ['cmake', 'python']
[0.355s] Level 1:colcon.colcon_core.package_identification:_identify(src) by extension 'cmake'
[0.355s] Level 1:colcon.colcon_core.package_identification:_identify(src) by extension 'python'
[0.355s] Level 1:colcon.colcon_core.package_identification:_identify(src) by extensions ['python_setup_py']
[0.355s] Level 1:colcon.colcon_core.package_identification:_identify(src) by extension 'python_setup_py'
[0.355s] Level 1:colcon.colcon_core.package_identification:_identify(src/build) by extensions ['ignore', 'ignore_ament_install']
[0.355s] Level 1:colcon.colcon_core.package_identification:_identify(src/build) by extension 'ignore'
[0.356s] Level 1:colcon.colcon_core.package_identification:_identify(src/build) ignored
[0.356s] Level 1:colcon.colcon_core.package_identification:_identify(src/fishbot_description) by extensions ['ignore', 'ignore_ament_install']
[0.356s] Level 1:colcon.colcon_core.package_identification:_identify(src/fishbot_description) by extension 'ignore'
[0.356s] Level 1:colcon.colcon_core.package_identification:_identify(src/fishbot_description) by extension 'ignore_ament_install'
[0.356s] Level 1:colcon.colcon_core.package_identification:_identify(src/fishbot_description) by extensions ['colcon_pkg']
[0.356s] Level 1:colcon.colcon_core.package_identification:_identify(src/fishbot_description) by extension 'colcon_pkg'
[0.356s] Level 1:colcon.colcon_core.package_identification:_identify(src/fishbot_description) by extensions ['colcon_meta']
[0.356s] Level 1:colcon.colcon_core.package_identification:_identify(src/fishbot_description) by extension 'colcon_meta'
[0.356s] Level 1:colcon.colcon_core.package_identification:_identify(src/fishbot_description) by extensions ['ros']
[0.356s] Level 1:colcon.colcon_core.package_identification:_identify(src/fishbot_description) by extension 'ros'
[0.358s] DEBUG:colcon.colcon_core.package_identification:Package 'src/fishbot_description' with type 'ros.ament_cmake' and name 'fishbot_description'
[0.359s] Level 1:colcon.colcon_core.package_identification:_identify(src/fishbot_navigation2) by extensions ['ignore', 'ignore_ament_install']
[0.359s] Level 1:colcon.colcon_core.package_identification:_identify(src/fishbot_navigation2) by extension 'ignore'
[0.359s] Level 1:colcon.colcon_core.package_identification:_identify(src/fishbot_navigation2) by extension 'ignore_ament_install'
[0.359s] Level 1:colcon.colcon_core.package_identification:_identify(src/fishbot_navigation2) by extensions ['colcon_pkg']
[0.359s] Level 1:colcon.colcon_core.package_identification:_identify(src/fishbot_navigation2) by extension 'colcon_pkg'
[0.359s] Level 1:colcon.colcon_core.package_identification:_identify(src/fishbot_navigation2) by extensions ['colcon_meta']
[0.359s] Level 1:colcon.colcon_core.package_identification:_identify(src/fishbot_navigation2) by extension 'colcon_meta'
[0.359s] Level 1:colcon.colcon_core.package_identification:_identify(src/fishbot_navigation2) by extensions ['ros']
[0.359s] Level 1:colcon.colcon_core.package_identification:_identify(src/fishbot_navigation2) by extension 'ros'
[0.359s] DEBUG:colcon.colcon_core.package_identification:Package 'src/fishbot_navigation2' with type 'ros.ament_cmake' and name 'fishbot_navigation2'
[0.360s] Level 1:colcon.colcon_core.package_identification:_identify(src/fishbot_rgbd) by extensions ['ignore', 'ignore_ament_install']
[0.360s] Level 1:colcon.colcon_core.package_identification:_identify(src/fishbot_rgbd) by extension 'ignore'
[0.360s] Level 1:colcon.colcon_core.package_identification:_identify(src/fishbot_rgbd) by extension 'ignore_ament_install'
[0.360s] Level 1:colcon.colcon_core.package_identification:_identify(src/fishbot_rgbd) by extensions ['colcon_pkg']
[0.360s] Level 1:colcon.colcon_core.package_identification:_identify(src/fishbot_rgbd) by extension 'colcon_pkg'
[0.360s] Level 1:colcon.colcon_core.package_identification:_identify(src/fishbot_rgbd) by extensions ['colcon_meta']
[0.360s] Level 1:colcon.colcon_core.package_identification:_identify(src/fishbot_rgbd) by extension 'colcon_meta'
[0.360s] Level 1:colcon.colcon_core.package_identification:_identify(src/fishbot_rgbd) by extensions ['ros']
[0.360s] Level 1:colcon.colcon_core.package_identification:_identify(src/fishbot_rgbd) by extension 'ros'
[0.360s] DEBUG:colcon.colcon_core.package_identification:Package 'src/fishbot_rgbd' with type 'ros.ament_python' and name 'fishbot_rgbd'
[0.361s] Level 1:colcon.colcon_core.package_identification:_identify(src/install) by extensions ['ignore', 'ignore_ament_install']
[0.361s] Level 1:colcon.colcon_core.package_identification:_identify(src/install) by extension 'ignore'
[0.361s] Level 1:colcon.colcon_core.package_identification:_identify(src/install) ignored
[0.361s] Level 1:colcon.colcon_core.package_identification:_identify(src/log) by extensions ['ignore', 'ignore_ament_install']
[0.361s] Level 1:colcon.colcon_core.package_identification:_identify(src/log) by extension 'ignore'
[0.361s] Level 1:colcon.colcon_core.package_identification:_identify(src/log) ignored
[0.361s] Level 1:colcon.colcon_core.package_discovery:discover_packages(recursive) using defaults
[0.361s] Level 1:colcon.colcon_core.package_discovery:discover_packages(ignore) discover
[0.361s] Level 1:colcon.colcon_core.package_discovery:discover_packages(ignore) using defaults
[0.361s] Level 1:colcon.colcon_core.package_discovery:discover_packages(path) discover
[0.361s] Level 1:colcon.colcon_core.package_discovery:discover_packages(path) using defaults
[0.378s] Level 1:colcon.colcon_core.package_discovery:discover_packages(prefix_path) check parameters
[0.378s] Level 1:colcon.colcon_core.package_discovery:discover_packages(prefix_path) discover
[0.381s] DEBUG:colcon.colcon_installed_package_information.package_discovery:Found 3 installed packages in /home/zqh/robot2/robot2_ws/install
[0.383s] DEBUG:colcon.colcon_installed_package_information.package_discovery:Found 350 installed packages in /opt/ros/foxy
[0.395s] Level 1:colcon.colcon_core.package_discovery:discover_packages(prefix_path) using defaults
[0.536s] Level 5:colcon.colcon_core.verb:set package 'fishbot_description' build argument 'cmake_args' from command line to 'None'
[0.536s] Level 5:colcon.colcon_core.verb:set package 'fishbot_description' build argument 'cmake_target' from command line to 'None'
[0.536s] Level 5:colcon.colcon_core.verb:set package 'fishbot_description' build argument 'cmake_target_skip_unavailable' from command line to 'False'
[0.536s] Level 5:colcon.colcon_core.verb:set package 'fishbot_description' build argument 'cmake_clean_cache' from command line to 'False'
[0.536s] Level 5:colcon.colcon_core.verb:set package 'fishbot_description' build argument 'cmake_clean_first' from command line to 'False'
[0.536s] Level 5:colcon.colcon_core.verb:set package 'fishbot_description' build argument 'cmake_force_configure' from command line to 'False'
[0.536s] Level 5:colcon.colcon_core.verb:set package 'fishbot_description' build argument 'ament_cmake_args' from command line to 'None'
[0.536s] Level 5:colcon.colcon_core.verb:set package 'fishbot_description' build argument 'catkin_cmake_args' from command line to 'None'
[0.536s] Level 5:colcon.colcon_core.verb:set package 'fishbot_description' build argument 'catkin_skip_building_tests' from command line to 'False'
[0.536s] DEBUG:colcon.colcon_core.verb:Building package 'fishbot_description' with the following arguments: {'ament_cmake_args': None, 'build_base': '/home/zqh/robot2/robot2_ws/build/fishbot_description', 'catkin_cmake_args': None, 'catkin_skip_building_tests': False, 'cmake_args': None, 'cmake_clean_cache': False, 'cmake_clean_first': False, 'cmake_force_configure': False, 'cmake_target': None, 'cmake_target_skip_unavailable': False, 'install_base': '/home/zqh/robot2/robot2_ws/install/fishbot_description', 'merge_install': False, 'path': '/home/zqh/robot2/robot2_ws/src/fishbot_description', 'symlink_install': False, 'test_result_base': None}
[0.537s] Level 5:colcon.colcon_core.verb:set package 'fishbot_navigation2' build argument 'cmake_args' from command line to 'None'
[0.537s] Level 5:colcon.colcon_core.verb:set package 'fishbot_navigation2' build argument 'cmake_target' from command line to 'None'
[0.537s] Level 5:colcon.colcon_core.verb:set package 'fishbot_navigation2' build argument 'cmake_target_skip_unavailable' from command line to 'False'
[0.537s] Level 5:colcon.colcon_core.verb:set package 'fishbot_navigation2' build argument 'cmake_clean_cache' from command line to 'False'
[0.537s] Level 5:colcon.colcon_core.verb:set package 'fishbot_navigation2' build argument 'cmake_clean_first' from command line to 'False'
[0.537s] Level 5:colcon.colcon_core.verb:set package 'fishbot_navigation2' build argument 'cmake_force_configure' from command line to 'False'
[0.537s] Level 5:colcon.colcon_core.verb:set package 'fishbot_navigation2' build argument 'ament_cmake_args' from command line to 'None'
[0.537s] Level 5:colcon.colcon_core.verb:set package 'fishbot_navigation2' build argument 'catkin_cmake_args' from command line to 'None'
[0.537s] Level 5:colcon.colcon_core.verb:set package 'fishbot_navigation2' build argument 'catkin_skip_building_tests' from command line to 'False'
[0.537s] DEBUG:colcon.colcon_core.verb:Building package 'fishbot_navigation2' with the following arguments: {'ament_cmake_args': None, 'build_base': '/home/zqh/robot2/robot2_ws/build/fishbot_navigation2', 'catkin_cmake_args': None, 'catkin_skip_building_tests': False, 'cmake_args': None, 'cmake_clean_cache': False, 'cmake_clean_first': False, 'cmake_force_configure': False, 'cmake_target': None, 'cmake_target_skip_unavailable': False, 'install_base': '/home/zqh/robot2/robot2_ws/install/fishbot_navigation2', 'merge_install': False, 'path': '/home/zqh/robot2/robot2_ws/src/fishbot_navigation2', 'symlink_install': False, 'test_result_base': None}
[0.537s] Level 5:colcon.colcon_core.verb:set package 'fishbot_rgbd' build argument 'cmake_args' from command line to 'None'
[0.537s] Level 5:colcon.colcon_core.verb:set package 'fishbot_rgbd' build argument 'cmake_target' from command line to 'None'
[0.537s] Level 5:colcon.colcon_core.verb:set package 'fishbot_rgbd' build argument 'cmake_target_skip_unavailable' from command line to 'False'
[0.537s] Level 5:colcon.colcon_core.verb:set package 'fishbot_rgbd' build argument 'cmake_clean_cache' from command line to 'False'
[0.537s] Level 5:colcon.colcon_core.verb:set package 'fishbot_rgbd' build argument 'cmake_clean_first' from command line to 'False'
[0.537s] Level 5:colcon.colcon_core.verb:set package 'fishbot_rgbd' build argument 'cmake_force_configure' from command line to 'False'
[0.537s] Level 5:colcon.colcon_core.verb:set package 'fishbot_rgbd' build argument 'ament_cmake_args' from command line to 'None'
[0.537s] Level 5:colcon.colcon_core.verb:set package 'fishbot_rgbd' build argument 'catkin_cmake_args' from command line to 'None'
[0.537s] Level 5:colcon.colcon_core.verb:set package 'fishbot_rgbd' build argument 'catkin_skip_building_tests' from command line to 'False'
[0.537s] DEBUG:colcon.colcon_core.verb:Building package 'fishbot_rgbd' with the following arguments: {'ament_cmake_args': None, 'build_base': '/home/zqh/robot2/robot2_ws/build/fishbot_rgbd', 'catkin_cmake_args': None, 'catkin_skip_building_tests': False, 'cmake_args': None, 'cmake_clean_cache': False, 'cmake_clean_first': False, 'cmake_force_configure': False, 'cmake_target': None, 'cmake_target_skip_unavailable': False, 'install_base': '/home/zqh/robot2/robot2_ws/install/fishbot_rgbd', 'merge_install': False, 'path': '/home/zqh/robot2/robot2_ws/src/fishbot_rgbd', 'symlink_install': False, 'test_result_base': None}
[0.538s] INFO:colcon.colcon_core.executor:Executing jobs using 'parallel' executor
[0.538s] DEBUG:colcon.colcon_parallel_executor.executor.parallel:run_until_complete
[0.539s] INFO:colcon.colcon_ros.task.ament_cmake.build:Building ROS package in '/home/zqh/robot2/robot2_ws/src/fishbot_description' with build type 'ament_cmake'
[0.539s] INFO:colcon.colcon_cmake.task.cmake.build:Building CMake package in '/home/zqh/robot2/robot2_ws/src/fishbot_description'
[0.542s] INFO:colcon.colcon_core.plugin_system:Skipping extension 'colcon_core.shell.bat': Not used on non-Windows systems
[0.542s] INFO:colcon.colcon_core.shell:Skip shell extension 'powershell' for command environment: Not usable outside of PowerShell
[0.542s] DEBUG:colcon.colcon_core.shell:Skip shell extension 'dsv' for command environment
[0.550s] INFO:colcon.colcon_ros.task.ament_cmake.build:Building ROS package in '/home/zqh/robot2/robot2_ws/src/fishbot_navigation2' with build type 'ament_cmake'
[0.551s] INFO:colcon.colcon_cmake.task.cmake.build:Building CMake package in '/home/zqh/robot2/robot2_ws/src/fishbot_navigation2'
[0.551s] INFO:colcon.colcon_core.shell:Skip shell extension 'powershell' for command environment: Not usable outside of PowerShell
[0.551s] DEBUG:colcon.colcon_core.shell:Skip shell extension 'dsv' for command environment
[0.560s] INFO:colcon.colcon_ros.task.ament_python.build:Building ROS package in '/home/zqh/robot2/robot2_ws/src/fishbot_rgbd' with build type 'ament_python'
[0.560s] Level 1:colcon.colcon_core.shell:create_environment_hook('fishbot_rgbd', 'ament_prefix_path')
[0.561s] INFO:colcon.colcon_core.shell:Creating environment hook '/home/zqh/robot2/robot2_ws/install/fishbot_rgbd/share/fishbot_rgbd/hook/ament_prefix_path.ps1'
[0.562s] INFO:colcon.colcon_core.shell:Creating environment descriptor '/home/zqh/robot2/robot2_ws/install/fishbot_rgbd/share/fishbot_rgbd/hook/ament_prefix_path.dsv'
[0.562s] INFO:colcon.colcon_core.shell:Creating environment hook '/home/zqh/robot2/robot2_ws/install/fishbot_rgbd/share/fishbot_rgbd/hook/ament_prefix_path.sh'
[0.563s] INFO:colcon.colcon_core.shell:Skip shell extension 'powershell' for command environment: Not usable outside of PowerShell
[0.564s] DEBUG:colcon.colcon_core.shell:Skip shell extension 'dsv' for command environment
[0.583s] DEBUG:colcon.colcon_core.event_handler.log_command:Invoking command in '/home/zqh/robot2/robot2_ws/build/fishbot_description': CMAKE_PREFIX_PATH=${CMAKE_PREFIX_PATH}:/home/zqh/robot2/robot2_ws/install/fishbot_rgbd:/opt/ros/foxy /usr/bin/cmake --build /home/zqh/robot2/robot2_ws/build/fishbot_description -- -j16 -l16
[0.589s] DEBUG:colcon.colcon_core.event_handler.log_command:Invoking command in '/home/zqh/robot2/robot2_ws/build/fishbot_navigation2': CMAKE_PREFIX_PATH=${CMAKE_PREFIX_PATH}:/home/zqh/robot2/robot2_ws/install/fishbot_rgbd:/opt/ros/foxy /usr/bin/cmake --build /home/zqh/robot2/robot2_ws/build/fishbot_navigation2 -- -j16 -l16
[0.795s] INFO:colcon.colcon_core.task.python.build:Building Python package in '/home/zqh/robot2/robot2_ws/src/fishbot_rgbd'
[0.795s] INFO:colcon.colcon_core.shell:Skip shell extension 'powershell' for command environment: Not usable outside of PowerShell
[0.796s] DEBUG:colcon.colcon_core.shell:Skip shell extension 'dsv' for command environment
[0.811s] DEBUG:colcon.colcon_core.event_handler.log_command:Invoked command in '/home/zqh/robot2/robot2_ws/build/fishbot_description' returned '0': CMAKE_PREFIX_PATH=${CMAKE_PREFIX_PATH}:/home/zqh/robot2/robot2_ws/install/fishbot_rgbd:/opt/ros/foxy /usr/bin/cmake --build /home/zqh/robot2/robot2_ws/build/fishbot_description -- -j16 -l16
[0.829s] DEBUG:colcon.colcon_core.event_handler.log_command:Invoking command in '/home/zqh/robot2/robot2_ws/build/fishbot_description': CMAKE_PREFIX_PATH=${CMAKE_PREFIX_PATH}:/home/zqh/robot2/robot2_ws/install/fishbot_rgbd:/opt/ros/foxy /usr/bin/cmake --install /home/zqh/robot2/robot2_ws/build/fishbot_description
[0.833s] DEBUG:colcon.colcon_core.event_handler.log_command:Invoked command in '/home/zqh/robot2/robot2_ws/build/fishbot_navigation2' returned '0': CMAKE_PREFIX_PATH=${CMAKE_PREFIX_PATH}:/home/zqh/robot2/robot2_ws/install/fishbot_rgbd:/opt/ros/foxy /usr/bin/cmake --build /home/zqh/robot2/robot2_ws/build/fishbot_navigation2 -- -j16 -l16
[0.840s] DEBUG:colcon.colcon_core.event_handler.log_command:Invoking command in '/home/zqh/robot2/robot2_ws/build/fishbot_navigation2': CMAKE_PREFIX_PATH=${CMAKE_PREFIX_PATH}:/home/zqh/robot2/robot2_ws/install/fishbot_rgbd:/opt/ros/foxy /usr/bin/cmake --install /home/zqh/robot2/robot2_ws/build/fishbot_navigation2
[0.855s] Level 1:colcon.colcon_core.environment:create_environment_scripts_only(fishbot_description)
[0.866s] Level 1:colcon.colcon_core.environment:checking '/home/zqh/robot2/robot2_ws/install/fishbot_description' for CMake module files
[0.872s] Level 1:colcon.colcon_core.environment:checking '/home/zqh/robot2/robot2_ws/install/fishbot_description' for CMake config files
[0.874s] Level 1:colcon.colcon_core.shell:create_environment_hook('fishbot_description', 'cmake_prefix_path')
[0.874s] INFO:colcon.colcon_core.shell:Creating environment hook '/home/zqh/robot2/robot2_ws/install/fishbot_description/share/fishbot_description/hook/cmake_prefix_path.ps1'
[0.875s] INFO:colcon.colcon_core.shell:Creating environment descriptor '/home/zqh/robot2/robot2_ws/install/fishbot_description/share/fishbot_description/hook/cmake_prefix_path.dsv'
[0.876s] INFO:colcon.colcon_core.shell:Creating environment hook '/home/zqh/robot2/robot2_ws/install/fishbot_description/share/fishbot_description/hook/cmake_prefix_path.sh'
[0.877s] Level 1:colcon.colcon_core.environment:checking '/home/zqh/robot2/robot2_ws/install/fishbot_description/bin'
[0.877s] Level 1:colcon.colcon_core.environment:checking '/home/zqh/robot2/robot2_ws/install/fishbot_description/lib/pkgconfig/fishbot_description.pc'
[0.877s] Level 1:colcon.colcon_core.environment:checking '/home/zqh/robot2/robot2_ws/install/fishbot_description/lib/python3.8/site-packages'
[0.877s] Level 1:colcon.colcon_core.environment:checking '/home/zqh/robot2/robot2_ws/install/fishbot_description/bin'
[0.877s] INFO:colcon.colcon_core.shell:Creating package script '/home/zqh/robot2/robot2_ws/install/fishbot_description/share/fishbot_description/package.ps1'
[0.878s] INFO:colcon.colcon_core.shell:Creating package descriptor '/home/zqh/robot2/robot2_ws/install/fishbot_description/share/fishbot_description/package.dsv'
[0.879s] INFO:colcon.colcon_core.shell:Creating package script '/home/zqh/robot2/robot2_ws/install/fishbot_description/share/fishbot_description/package.sh'
[0.880s] INFO:colcon.colcon_core.shell:Creating package script '/home/zqh/robot2/robot2_ws/install/fishbot_description/share/fishbot_description/package.bash'
[0.881s] INFO:colcon.colcon_core.shell:Creating package script '/home/zqh/robot2/robot2_ws/install/fishbot_description/share/fishbot_description/package.zsh'
[0.883s] DEBUG:colcon.colcon_core.event_handler.log_command:Invoked command in '/home/zqh/robot2/robot2_ws/build/fishbot_description' returned '0': CMAKE_PREFIX_PATH=${CMAKE_PREFIX_PATH}:/home/zqh/robot2/robot2_ws/install/fishbot_rgbd:/opt/ros/foxy /usr/bin/cmake --install /home/zqh/robot2/robot2_ws/build/fishbot_description
[0.883s] Level 1:colcon.colcon_core.environment:create_file_with_runtime_dependencies(/home/zqh/robot2/robot2_ws/install/fishbot_description/share/colcon-core/packages/fishbot_description)
[0.884s] Level 1:colcon.colcon_core.environment:create_environment_scripts_only(fishbot_description)
[0.884s] Level 1:colcon.colcon_core.environment:checking '/home/zqh/robot2/robot2_ws/install/fishbot_description' for CMake module files
[0.885s] Level 1:colcon.colcon_core.environment:checking '/home/zqh/robot2/robot2_ws/install/fishbot_description' for CMake config files
[0.886s] Level 1:colcon.colcon_core.shell:create_environment_hook('fishbot_description', 'cmake_prefix_path')
[0.887s] INFO:colcon.colcon_core.shell:Creating environment hook '/home/zqh/robot2/robot2_ws/install/fishbot_description/share/fishbot_description/hook/cmake_prefix_path.ps1'
[0.887s] INFO:colcon.colcon_core.shell:Creating environment descriptor '/home/zqh/robot2/robot2_ws/install/fishbot_description/share/fishbot_description/hook/cmake_prefix_path.dsv'
[0.888s] INFO:colcon.colcon_core.shell:Creating environment hook '/home/zqh/robot2/robot2_ws/install/fishbot_description/share/fishbot_description/hook/cmake_prefix_path.sh'
[0.888s] Level 1:colcon.colcon_core.environment:checking '/home/zqh/robot2/robot2_ws/install/fishbot_description/bin'
[0.889s] Level 1:colcon.colcon_core.environment:checking '/home/zqh/robot2/robot2_ws/install/fishbot_description/lib/pkgconfig/fishbot_description.pc'
[0.889s] Level 1:colcon.colcon_core.environment:checking '/home/zqh/robot2/robot2_ws/install/fishbot_description/lib/python3.8/site-packages'
[0.889s] Level 1:colcon.colcon_core.environment:checking '/home/zqh/robot2/robot2_ws/install/fishbot_description/bin'
[0.889s] INFO:colcon.colcon_core.shell:Creating package script '/home/zqh/robot2/robot2_ws/install/fishbot_description/share/fishbot_description/package.ps1'
[0.890s] INFO:colcon.colcon_core.shell:Creating package descriptor '/home/zqh/robot2/robot2_ws/install/fishbot_description/share/fishbot_description/package.dsv'
[0.891s] INFO:colcon.colcon_core.shell:Creating package script '/home/zqh/robot2/robot2_ws/install/fishbot_description/share/fishbot_description/package.sh'
[0.892s] INFO:colcon.colcon_core.shell:Creating package script '/home/zqh/robot2/robot2_ws/install/fishbot_description/share/fishbot_description/package.bash'
[0.892s] INFO:colcon.colcon_core.shell:Creating package script '/home/zqh/robot2/robot2_ws/install/fishbot_description/share/fishbot_description/package.zsh'
[0.893s] Level 1:colcon.colcon_core.environment:create_file_with_runtime_dependencies(/home/zqh/robot2/robot2_ws/install/fishbot_description/share/colcon-core/packages/fishbot_description)
[0.894s] Level 1:colcon.colcon_core.environment:create_environment_scripts_only(fishbot_navigation2)
[0.894s] Level 1:colcon.colcon_core.environment:checking '/home/zqh/robot2/robot2_ws/install/fishbot_navigation2' for CMake module files
[0.895s] DEBUG:colcon.colcon_core.event_handler.log_command:Invoked command in '/home/zqh/robot2/robot2_ws/build/fishbot_navigation2' returned '0': CMAKE_PREFIX_PATH=${CMAKE_PREFIX_PATH}:/home/zqh/robot2/robot2_ws/install/fishbot_rgbd:/opt/ros/foxy /usr/bin/cmake --install /home/zqh/robot2/robot2_ws/build/fishbot_navigation2
[0.896s] Level 1:colcon.colcon_core.environment:checking '/home/zqh/robot2/robot2_ws/install/fishbot_navigation2' for CMake config files
[0.896s] Level 1:colcon.colcon_core.shell:create_environment_hook('fishbot_navigation2', 'cmake_prefix_path')
[0.897s] INFO:colcon.colcon_core.shell:Creating environment hook '/home/zqh/robot2/robot2_ws/install/fishbot_navigation2/share/fishbot_navigation2/hook/cmake_prefix_path.ps1'
[0.897s] INFO:colcon.colcon_core.shell:Creating environment descriptor '/home/zqh/robot2/robot2_ws/install/fishbot_navigation2/share/fishbot_navigation2/hook/cmake_prefix_path.dsv'
[0.897s] INFO:colcon.colcon_core.shell:Creating environment hook '/home/zqh/robot2/robot2_ws/install/fishbot_navigation2/share/fishbot_navigation2/hook/cmake_prefix_path.sh'
[0.898s] Level 1:colcon.colcon_core.environment:checking '/home/zqh/robot2/robot2_ws/install/fishbot_navigation2/bin'
[0.898s] Level 1:colcon.colcon_core.environment:checking '/home/zqh/robot2/robot2_ws/install/fishbot_navigation2/lib/pkgconfig/fishbot_navigation2.pc'
[0.898s] Level 1:colcon.colcon_core.environment:checking '/home/zqh/robot2/robot2_ws/install/fishbot_navigation2/lib/python3.8/site-packages'
[0.898s] Level 1:colcon.colcon_core.environment:checking '/home/zqh/robot2/robot2_ws/install/fishbot_navigation2/bin'
[0.898s] INFO:colcon.colcon_core.shell:Creating package script '/home/zqh/robot2/robot2_ws/install/fishbot_navigation2/share/fishbot_navigation2/package.ps1'
[0.899s] INFO:colcon.colcon_core.shell:Creating package descriptor '/home/zqh/robot2/robot2_ws/install/fishbot_navigation2/share/fishbot_navigation2/package.dsv'
[0.899s] INFO:colcon.colcon_core.shell:Creating package script '/home/zqh/robot2/robot2_ws/install/fishbot_navigation2/share/fishbot_navigation2/package.sh'
[0.899s] INFO:colcon.colcon_core.shell:Creating package script '/home/zqh/robot2/robot2_ws/install/fishbot_navigation2/share/fishbot_navigation2/package.bash'
[0.900s] INFO:colcon.colcon_core.shell:Creating package script '/home/zqh/robot2/robot2_ws/install/fishbot_navigation2/share/fishbot_navigation2/package.zsh'
[0.900s] Level 1:colcon.colcon_core.environment:create_file_with_runtime_dependencies(/home/zqh/robot2/robot2_ws/install/fishbot_navigation2/share/colcon-core/packages/fishbot_navigation2)
[0.900s] Level 1:colcon.colcon_core.environment:create_environment_scripts_only(fishbot_navigation2)
[0.901s] Level 1:colcon.colcon_core.environment:checking '/home/zqh/robot2/robot2_ws/install/fishbot_navigation2' for CMake module files
[0.901s] Level 1:colcon.colcon_core.environment:checking '/home/zqh/robot2/robot2_ws/install/fishbot_navigation2' for CMake config files
[0.901s] Level 1:colcon.colcon_core.shell:create_environment_hook('fishbot_navigation2', 'cmake_prefix_path')
[0.902s] INFO:colcon.colcon_core.shell:Creating environment hook '/home/zqh/robot2/robot2_ws/install/fishbot_navigation2/share/fishbot_navigation2/hook/cmake_prefix_path.ps1'
[0.902s] INFO:colcon.colcon_core.shell:Creating environment descriptor '/home/zqh/robot2/robot2_ws/install/fishbot_navigation2/share/fishbot_navigation2/hook/cmake_prefix_path.dsv'
[0.902s] INFO:colcon.colcon_core.shell:Creating environment hook '/home/zqh/robot2/robot2_ws/install/fishbot_navigation2/share/fishbot_navigation2/hook/cmake_prefix_path.sh'
[0.903s] Level 1:colcon.colcon_core.environment:checking '/home/zqh/robot2/robot2_ws/install/fishbot_navigation2/bin'
[0.903s] Level 1:colcon.colcon_core.environment:checking '/home/zqh/robot2/robot2_ws/install/fishbot_navigation2/lib/pkgconfig/fishbot_navigation2.pc'
[0.903s] Level 1:colcon.colcon_core.environment:checking '/home/zqh/robot2/robot2_ws/install/fishbot_navigation2/lib/python3.8/site-packages'
[0.903s] Level 1:colcon.colcon_core.environment:checking '/home/zqh/robot2/robot2_ws/install/fishbot_navigation2/bin'
[0.903s] INFO:colcon.colcon_core.shell:Creating package script '/home/zqh/robot2/robot2_ws/install/fishbot_navigation2/share/fishbot_navigation2/package.ps1'
[0.904s] INFO:colcon.colcon_core.shell:Creating package descriptor '/home/zqh/robot2/robot2_ws/install/fishbot_navigation2/share/fishbot_navigation2/package.dsv'
[0.904s] INFO:colcon.colcon_core.shell:Creating package script '/home/zqh/robot2/robot2_ws/install/fishbot_navigation2/share/fishbot_navigation2/package.sh'
[0.904s] INFO:colcon.colcon_core.shell:Creating package script '/home/zqh/robot2/robot2_ws/install/fishbot_navigation2/share/fishbot_navigation2/package.bash'
[0.905s] INFO:colcon.colcon_core.shell:Creating package script '/home/zqh/robot2/robot2_ws/install/fishbot_navigation2/share/fishbot_navigation2/package.zsh'
[0.905s] Level 1:colcon.colcon_core.environment:create_file_with_runtime_dependencies(/home/zqh/robot2/robot2_ws/install/fishbot_navigation2/share/colcon-core/packages/fishbot_navigation2)
[1.264s] DEBUG:colcon.colcon_core.event_handler.log_command:Invoking command in '/home/zqh/robot2/robot2_ws/src/fishbot_rgbd': PYTHONPATH=/home/zqh/robot2/robot2_ws/build/fishbot_rgbd/prefix_override:/usr/lib/python3/dist-packages/colcon_core/task/python/colcon_distutils_commands:/home/zqh/robot2/robot2_ws/install/fishbot_rgbd/lib/python3.8/site-packages:${PYTHONPATH} /usr/bin/python3 -W ignore:setup.py install is deprecated -W ignore:easy_install command is deprecated setup.py egg_info --egg-base ../../build/fishbot_rgbd build --build-base /home/zqh/robot2/robot2_ws/build/fishbot_rgbd/build install --record /home/zqh/robot2/robot2_ws/build/fishbot_rgbd/install.log --install-scripts $base/lib/fishbot_rgbd --single-version-externally-managed install_data
[1.529s] Level 1:colcon.colcon_core.environment:checking '/home/zqh/robot2/robot2_ws/install/fishbot_rgbd' for CMake module files
[1.530s] DEBUG:colcon.colcon_core.event_handler.log_command:Invoked command in '/home/zqh/robot2/robot2_ws/src/fishbot_rgbd' returned '0': PYTHONPATH=/home/zqh/robot2/robot2_ws/build/fishbot_rgbd/prefix_override:/usr/lib/python3/dist-packages/colcon_core/task/python/colcon_distutils_commands:/home/zqh/robot2/robot2_ws/install/fishbot_rgbd/lib/python3.8/site-packages:${PYTHONPATH} /usr/bin/python3 -W ignore:setup.py install is deprecated -W ignore:easy_install command is deprecated setup.py egg_info --egg-base ../../build/fishbot_rgbd build --build-base /home/zqh/robot2/robot2_ws/build/fishbot_rgbd/build install --record /home/zqh/robot2/robot2_ws/build/fishbot_rgbd/install.log --install-scripts $base/lib/fishbot_rgbd --single-version-externally-managed install_data
[1.531s] Level 1:colcon.colcon_core.environment:checking '/home/zqh/robot2/robot2_ws/install/fishbot_rgbd' for CMake config files
[1.531s] Level 1:colcon.colcon_core.environment:checking '/home/zqh/robot2/robot2_ws/install/fishbot_rgbd/lib'
[1.531s] Level 1:colcon.colcon_core.environment:checking '/home/zqh/robot2/robot2_ws/install/fishbot_rgbd/bin'
[1.531s] Level 1:colcon.colcon_core.environment:checking '/home/zqh/robot2/robot2_ws/install/fishbot_rgbd/lib/pkgconfig/fishbot_rgbd.pc'
[1.532s] Level 1:colcon.colcon_core.environment:checking '/home/zqh/robot2/robot2_ws/install/fishbot_rgbd/lib/python3.8/site-packages'
[1.532s] Level 1:colcon.colcon_core.shell:create_environment_hook('fishbot_rgbd', 'pythonpath')
[1.532s] INFO:colcon.colcon_core.shell:Creating environment hook '/home/zqh/robot2/robot2_ws/install/fishbot_rgbd/share/fishbot_rgbd/hook/pythonpath.ps1'
[1.532s] INFO:colcon.colcon_core.shell:Creating environment descriptor '/home/zqh/robot2/robot2_ws/install/fishbot_rgbd/share/fishbot_rgbd/hook/pythonpath.dsv'
[1.533s] INFO:colcon.colcon_core.shell:Creating environment hook '/home/zqh/robot2/robot2_ws/install/fishbot_rgbd/share/fishbot_rgbd/hook/pythonpath.sh'
[1.533s] Level 1:colcon.colcon_core.environment:checking '/home/zqh/robot2/robot2_ws/install/fishbot_rgbd/bin'
[1.533s] Level 1:colcon.colcon_core.environment:create_environment_scripts_only(fishbot_rgbd)
[1.533s] INFO:colcon.colcon_core.shell:Creating package script '/home/zqh/robot2/robot2_ws/install/fishbot_rgbd/share/fishbot_rgbd/package.ps1'
[1.534s] INFO:colcon.colcon_core.shell:Creating package descriptor '/home/zqh/robot2/robot2_ws/install/fishbot_rgbd/share/fishbot_rgbd/package.dsv'
[1.534s] INFO:colcon.colcon_core.shell:Creating package script '/home/zqh/robot2/robot2_ws/install/fishbot_rgbd/share/fishbot_rgbd/package.sh'
[1.534s] INFO:colcon.colcon_core.shell:Creating package script '/home/zqh/robot2/robot2_ws/install/fishbot_rgbd/share/fishbot_rgbd/package.bash'
[1.535s] INFO:colcon.colcon_core.shell:Creating package script '/home/zqh/robot2/robot2_ws/install/fishbot_rgbd/share/fishbot_rgbd/package.zsh'
[1.535s] Level 1:colcon.colcon_core.environment:create_file_with_runtime_dependencies(/home/zqh/robot2/robot2_ws/install/fishbot_rgbd/share/colcon-core/packages/fishbot_rgbd)
[1.535s] DEBUG:colcon.colcon_parallel_executor.executor.parallel:closing loop
[1.536s] DEBUG:colcon.colcon_parallel_executor.executor.parallel:loop closed
[1.536s] DEBUG:colcon.colcon_parallel_executor.executor.parallel:run_until_complete finished with '0'
[1.536s] DEBUG:colcon.colcon_core.event_reactor:joining thread
[1.547s] INFO:colcon.colcon_core.plugin_system:Skipping extension 'colcon_notification.desktop_notification.terminal_notifier': Not used on non-Darwin systems
[1.547s] INFO:colcon.colcon_core.plugin_system:Skipping extension 'colcon_notification.desktop_notification.win32': Not used on non-Windows systems
[1.547s] INFO:colcon.colcon_notification.desktop_notification:Sending desktop notification using 'notify2'
[1.575s] DEBUG:colcon.colcon_core.event_reactor:joined thread
[1.575s] INFO:colcon.colcon_core.shell:Creating prefix script '/home/zqh/robot2/robot2_ws/install/local_setup.ps1'
[1.577s] INFO:colcon.colcon_core.shell:Creating prefix util module '/home/zqh/robot2/robot2_ws/install/_local_setup_util_ps1.py'
[1.580s] INFO:colcon.colcon_core.shell:Creating prefix chain script '/home/zqh/robot2/robot2_ws/install/setup.ps1'
[1.582s] INFO:colcon.colcon_core.shell:Creating prefix script '/home/zqh/robot2/robot2_ws/install/local_setup.sh'
[1.583s] INFO:colcon.colcon_core.shell:Creating prefix util module '/home/zqh/robot2/robot2_ws/install/_local_setup_util_sh.py'
[1.584s] INFO:colcon.colcon_core.shell:Creating prefix chain script '/home/zqh/robot2/robot2_ws/install/setup.sh'
[1.586s] INFO:colcon.colcon_core.shell:Creating prefix script '/home/zqh/robot2/robot2_ws/install/local_setup.bash'
[1.587s] INFO:colcon.colcon_core.shell:Creating prefix chain script '/home/zqh/robot2/robot2_ws/install/setup.bash'
[1.589s] INFO:colcon.colcon_core.shell:Creating prefix script '/home/zqh/robot2/robot2_ws/install/local_setup.zsh'
[1.590s] INFO:colcon.colcon_core.shell:Creating prefix chain script '/home/zqh/robot2/robot2_ws/install/setup.zsh'
