[0.042s] Invoking command in '/home/zqh/robot2/robot2_ws/build/fishbot_navigation2': CMAKE_PREFIX_PATH=${CMAKE_PREFIX_PATH}:/home/zqh/robot2/robot2_ws/install/fishbot_rgbd:/opt/ros/foxy /usr/bin/cmake --build /home/zqh/robot2/robot2_ws/build/fishbot_navigation2 -- -j16 -l16
[0.261s] Invoked command in '/home/zqh/robot2/robot2_ws/build/fishbot_navigation2' returned '0': CMAKE_PREFIX_PATH=${CMAKE_PREFIX_PATH}:/home/zqh/robot2/robot2_ws/install/fishbot_rgbd:/opt/ros/foxy /usr/bin/cmake --build /home/zqh/robot2/robot2_ws/build/fishbot_navigation2 -- -j16 -l16
[0.285s] Invoking command in '/home/zqh/robot2/robot2_ws/build/fishbot_navigation2': CMAKE_PREFIX_PATH=${CMAKE_PREFIX_PATH}:/home/zqh/robot2/robot2_ws/install/fishbot_rgbd:/opt/ros/foxy /usr/bin/cmake --install /home/zqh/robot2/robot2_ws/build/fishbot_navigation2
[0.302s] -- Install configuration: ""
[0.302s] -- Up-to-date: /home/zqh/robot2/robot2_ws/install/fishbot_navigation2/share/fishbot_navigation2/launch
[0.302s] -- Up-to-date: /home/zqh/robot2/robot2_ws/install/fishbot_navigation2/share/fishbot_navigation2/launch/navigation2.launch.py
[0.302s] -- Up-to-date: /home/zqh/robot2/robot2_ws/install/fishbot_navigation2/share/fishbot_navigation2/config
[0.303s] -- Up-to-date: /home/zqh/robot2/robot2_ws/install/fishbot_navigation2/share/fishbot_navigation2/config/nav2_params.yaml
[0.303s] -- Up-to-date: /home/zqh/robot2/robot2_ws/install/fishbot_navigation2/share/fishbot_navigation2/maps
[0.303s] -- Up-to-date: /home/zqh/robot2/robot2_ws/install/fishbot_navigation2/share/fishbot_navigation2/maps/scannet1.yaml
[0.303s] -- Up-to-date: /home/zqh/robot2/robot2_ws/install/fishbot_navigation2/share/fishbot_navigation2/maps/mp3d1_2.yaml
[0.303s] -- Up-to-date: /home/zqh/robot2/robot2_ws/install/fishbot_navigation2/share/fishbot_navigation2/maps/house.yaml
[0.303s] -- Up-to-date: /home/zqh/robot2/robot2_ws/install/fishbot_navigation2/share/fishbot_navigation2/maps/mp3d1_2.pgm
[0.303s] -- Up-to-date: /home/zqh/robot2/robot2_ws/install/fishbot_navigation2/share/fishbot_navigation2/maps/scannet1.pgm
[0.303s] -- Up-to-date: /home/zqh/robot2/robot2_ws/install/fishbot_navigation2/share/fishbot_navigation2/maps/house.pgm
[0.303s] -- Up-to-date: /home/zqh/robot2/robot2_ws/install/fishbot_navigation2/share/ament_index/resource_index/package_run_dependencies/fishbot_navigation2
[0.304s] -- Up-to-date: /home/zqh/robot2/robot2_ws/install/fishbot_navigation2/share/ament_index/resource_index/parent_prefix_path/fishbot_navigation2
[0.304s] -- Up-to-date: /home/zqh/robot2/robot2_ws/install/fishbot_navigation2/share/fishbot_navigation2/environment/ament_prefix_path.sh
[0.304s] -- Up-to-date: /home/zqh/robot2/robot2_ws/install/fishbot_navigation2/share/fishbot_navigation2/environment/ament_prefix_path.dsv
[0.304s] -- Up-to-date: /home/zqh/robot2/robot2_ws/install/fishbot_navigation2/share/fishbot_navigation2/environment/path.sh
[0.304s] -- Up-to-date: /home/zqh/robot2/robot2_ws/install/fishbot_navigation2/share/fishbot_navigation2/environment/path.dsv
[0.304s] -- Up-to-date: /home/zqh/robot2/robot2_ws/install/fishbot_navigation2/share/fishbot_navigation2/local_setup.bash
[0.305s] -- Up-to-date: /home/zqh/robot2/robot2_ws/install/fishbot_navigation2/share/fishbot_navigation2/local_setup.sh
[0.305s] -- Up-to-date: /home/zqh/robot2/robot2_ws/install/fishbot_navigation2/share/fishbot_navigation2/local_setup.zsh
[0.305s] -- Up-to-date: /home/zqh/robot2/robot2_ws/install/fishbot_navigation2/share/fishbot_navigation2/local_setup.dsv
[0.305s] -- Installing: /home/zqh/robot2/robot2_ws/install/fishbot_navigation2/share/fishbot_navigation2/package.dsv
[0.305s] -- Up-to-date: /home/zqh/robot2/robot2_ws/install/fishbot_navigation2/share/ament_index/resource_index/packages/fishbot_navigation2
[0.306s] -- Up-to-date: /home/zqh/robot2/robot2_ws/install/fishbot_navigation2/share/fishbot_navigation2/cmake/fishbot_navigation2Config.cmake
[0.306s] -- Up-to-date: /home/zqh/robot2/robot2_ws/install/fishbot_navigation2/share/fishbot_navigation2/cmake/fishbot_navigation2Config-version.cmake
[0.306s] -- Up-to-date: /home/zqh/robot2/robot2_ws/install/fishbot_navigation2/share/fishbot_navigation2/package.xml
[0.307s] Invoked command in '/home/zqh/robot2/robot2_ws/build/fishbot_navigation2' returned '0': CMAKE_PREFIX_PATH=${CMAKE_PREFIX_PATH}:/home/zqh/robot2/robot2_ws/install/fishbot_rgbd:/opt/ros/foxy /usr/bin/cmake --install /home/zqh/robot2/robot2_ws/build/fishbot_navigation2
